>>>>> Java connector logging started 10/19/2018 at 18:02:20.989 GMT

CODEBASE                : cm85 37_850006     Thu Nov 17 15:50:14 PST 2016 
OS version              : Windows Server 2008 6.2 build 9200
java.vm                 : IBM Corporation, IBM J9 VM, version 1.6.0
java.home               : C:\IBM\SDP\jdk\jre
sun.boot.class.path     : C:\IBM\SDP\jdk\jre\lib\endorsed\jaxws-api.jar;C:\IBM\SDP\jdk\jre\lib\endorsed\jaxb-api.jar;C:\IBM\SDP\jdk\jre\lib\endorsed\javax.j2ee.annotation.jar;C:\IBM\SDP\jdk\jre\lib\vm.jar;C:\IBM\SDP\jdk\jre\lib\annotation.jar;C:\IBM\SDP\jdk\jre\lib\beans.jar;C:\IBM\SDP\jdk\jre\lib\java.util.jar;C:\IBM\SDP\jdk\jre\lib\jndi.jar;C:\IBM\SDP\jdk\jre\lib\logging.jar;C:\IBM\SDP\jdk\jre\lib\security.jar;C:\IBM\SDP\jdk\jre\lib\sql.jar;C:\IBM\SDP\jdk\jre\lib\ibmorb.jar;C:\IBM\SDP\jdk\jre\lib\ibmorbapi.jar;C:\IBM\SDP\jdk\jre\lib\ibmcfw.jar;C:\IBM\SDP\jdk\jre\lib\rt.jar;C:\IBM\SDP\jdk\jre\lib\charsets.jar;C:\IBM\SDP\jdk\jre\lib\resources.jar;C:\IBM\SDP\jdk\jre\lib\ibmpkcs.jar;C:\IBM\SDP\jdk\jre\lib\ibmcertpathfw.jar;C:\IBM\SDP\jdk\jre\lib\ibmjgssfw.jar;C:\IBM\SDP\jdk\jre\lib\ibmjssefw.jar;C:\IBM\SDP\jdk\jre\lib\ibmsaslfw.jar;C:\IBM\SDP\jdk\jre\lib\ibmjcefw.jar;C:\IBM\SDP\jdk\jre\lib\ibmjgssprovider.jar;C:\IBM\SDP\jdk\jre\lib\ibmjsseprovider2.jar;C:\IBM\SDP\jdk\jre\lib\ibmcertpathprovider.jar;C:\IBM\SDP\jdk\jre\lib\ibmxmlcrypto.jar;C:\IBM\SDP\jdk\jre\lib\management-agent.jar;C:\IBM\SDP\jdk\jre\lib\xml.jar;C:\IBM\SDP\jdk\jre\lib\jlm.jar;C:\IBM\SDP\jdk\jre\lib\javascript.jar
java.ext.dir            : null
java.classpath          : C:\Users\Administrator\IBM\rationalsdp\workspace1\HSChangeOwnerWorklist\WebContent\WEB-INF\classes;C:\IBM\db2cmv8\lib\cmbsdk81.jar;C:\IBM\db2cmv8\lib\cmbutil81.jar;C:\IBM\WebSphere\AppServer\plugins\com.ibm.ws.wccm.jar;C:\IBM\WebSphere\AppServer\plugins\com.ibm.ws.emf.jar;C:\IBM\WebSphere\AppServer\dev\JavaEE\6.0\j2ee.jar;C:\IBM\WebSphere\AppServer\lib\mail-impl.jar;C:\IBM\WebSphere\AppServer\plugins\com.ibm.ws.runtime.jar;C:\IBM\WebSphere\AppServer\plugins\com.ibm.ws.admin.core.jar;C:\IBM\WebSphere\AppServer\plugins\com.ibm.ws.admin.services.jar;C:\IBM\WebSphere\AppServer\plugins\com.ibm.ws.portletcontainer.jar;C:\IBM\WebSphere\AppServer\lib\bootstrap.jar;C:\IBM\WebSphere\AppServer\plugins\com.ibm.ws.sib.server.jar;C:\IBM\WebSphere\AppServer\plugins\com.ibm.ws.sip.container.jar;C:\IBM\WebSphere\AppServer\plugins\com.ibm.ws.sip.interface.jar;C:\IBM\WebSphere\AppServer\plugins\com.ibm.ws.jsf.myfaces.jar;C:\IBM\WebSphere\AppServer\plugins\com.ibm.ws.webcontainer.jar;C:\IBM\WebSphere\AppServer\plugins\com.ibm.ws.wsadie\marshall.jar;C:\IBM\WebSphere\AppServer\lib\ffdcSupport.jar;C:\IBM\WebSphere\AppServer\plugins\com.ibm.ws.wsadie\wsatlib.jar;C:\IBM\WebSphere\AppServer\plugins\com.ibm.ws.runtime.dist.jar;C:\IBM\WebSphere\AppServer\installedConnectors\wmq.jmsra.rar\com.ibm.mq.jar;C:\IBM\WebSphere\AppServer\installedConnectors\wmq.jmsra.rar\com.ibm.mq.headers.jar;C:\IBM\WebSphere\AppServer\installedConnectors\wmq.jmsra.rar\com.ibm.mq.pcf.jar;C:\IBM\WebSphere\AppServer\installedConnectors\wmq.jmsra.rar\com.ibm.mq.jmqi.jar;C:\IBM\WebSphere\AppServer\installedConnectors\wmq.jmsra.rar\com.ibm.mq.connector.jar;C:\IBM\WebSphere\AppServer\plugins\org.eclipse.emf.common.jar;C:\IBM\WebSphere\AppServer\plugins\org.eclipse.emf.commonj.sdo.jar;C:\IBM\WebSphere\AppServer\plugins\org.eclipse.emf.ecore.change.jar;C:\IBM\WebSphere\AppServer\plugins\org.eclipse.emf.ecore.sdo.jar;C:\IBM\WebSphere\AppServer\plugins\org.eclipse.emf.ecore.xmi.jar;C:\IBM\WebSphere\AppServer\plugins\org.eclipse.emf.ecore.jar;C:\IBM\WebSphere\AppServer\plugins\com.ibm.ws.prereq.wsdl4j.jar;C:\IBM\WebSphere\AppServer\plugins\com.ibm.wsfp.main.jar;C:\IBM\WebSphere\AppServer\plugins\com.ibm.ws.prereq.jackson.jar;C:\IBM\WebSphere\AppServer\plugins\com.ibm.ws.prereq.vajava.jar;C:\IBM\WebSphere\AppServer\lib\rsadbutils.jar;C:\IBM\WebSphere\AppServer\plugins\com.ibm.ws.prereq.commonj-twm.jar;C:\IBM\WebSphere\AppServer\plugins\com.ibm.ws.prereq.soap.jar;C:\IBM\WebSphere\AppServer\plugins\org.apache.tuscany.sca.api.jar;C:\IBM\WebSphere\AppServer\dev\sca\1.0\sca_api.jar;C:\IBM\WebSphere\AppServer\dev\xml\xmlapi.jar;C:\IBM\WebSphere\AppServer\plugins\com.ibm.ws.batch.runtime.jar;C:\IBM\WebSphere\AppServer\tivoli\tam\PD.jar;C:\IBM\WebSphere\AppServer\installedConnectors\wmq.jmsra.rar\com.ibm.mqjms.jar
sun.boot.library.path   : C:\IBM\SDP\jdk\jre\bin
java.library.path       : C:\IBM\SDP\jdk\jre\bin;.;C:/IBM/SDP//jdk/jre/bin/j9vm;C:/IBM/SDP//jdk/jre/bin;C:/IBM/SDP//jdk/jre/lib/i386;C:\IBM\db2cmv8\Client\;C:\ProgramData\Oracle\Java\javapath;C:\Windows\system32;C:\Windows;C:\Windows\System32\Wbem;C:\Windows\System32\WindowsPowerShell\v1.0\;C:\Program Files\Microsoft SQL Server\Client SDK\ODBC\110\Tools\Binn\;C:\Program Files (x86)\Microsoft SQL Server\120\Tools\Binn\;C:\Program Files\Microsoft SQL Server\120\Tools\Binn\;C:\Program Files\Microsoft SQL Server\120\DTS\Binn\;C:\Program Files (x86)\Microsoft SQL Server\120\Tools\Binn\ManagementStudio\;C:\Program Files (x86)\Microsoft SQL Server\120\DTS\Binn\;C:\Program Files\ibm\gsk8\lib64;C:\Program Files (x86)\ibm\gsk8\lib;C:\IBM\SQLLIB\BIN;C:\IBM\SQLLIB\FUNCTION;C:\IBM\SQLLIB\SAMPLES\REPL;C:\IBM\db2cmv8;C:\IBM\db2cmv8\bin;C:\IBM\db2cmv8\dll;C:\IBM\db2cmv8\inso;C:\IBM\db2cmv8\icc64\lib64;C:\IBM\SDP;
java.io.tmpdir          : C:\Users\ADMINI~1\AppData\Local\Temp\
sun.io.unicode.encoding : UnicodeLittle
user.language           : en
user.timezone           : America/New_York
user.dir                : C:\Users\Administrator\IBM\rationalsdp\workspace1\HSChangeOwnerWorklist
user.name                : Administrator
Log Config              : ?ibmcmconfig.properties

[ WARN] cmblogconfig.properties (the log configuration file) can not be found or an error was encountered while it was being read. (?ibmcmconfig.properties)

[WARN] The log will be written to the file dklog.log in the current directory: C:\Users\Administrator\IBM\rationalsdp\workspace1\HSChangeOwnerWorklist


***** Content Manager Jar File and Version Information *****
 Content Manager Jar File: C:\IBM\db2cmv8\lib\cmbsdk81.jar version: 8.5.0.600
 Content Manager Jar File: C:\IBM\db2cmv8\lib\cmbutil81.jar version: 8.5.0.600
************************************************************

[EXC]: 10/19/2018 at 18:02:21.083 GMT @ Win2012JL (10.77.144.69); com.ibm.mm.sdk.common.DKUsageError # com.ibm.mm.sdk.logtool.DKLogManagerFactory_default
[USR]: Administrator (C:\Users\Administrator) @ C:\Users\Administrator\IBM\rationalsdp\workspace1\HSChangeOwnerWorklist
[THD]: main ( 472c472c )
[THG]: main = { Attach API wait loop, Signal Dispatcher, main }
[LOC]: com.ibm.mm.sdk.server.DKDatastoreICM:listDataSources
[MSG]: DGL7336A: Using the FileReader class, the Content Manager cmbicmsrvs.ini file was not found. The detail error message is: cmbicmsrvs.ini (The system cannot find the file specified.)
	at com.ibm.mm.sdk.server.DKDatastoreICM.listDataSources(DKDatastoreICM.java:8721)
	at com.ibm.mm.sdk.server.DKDatastoreICM.getServerDef(DKDatastoreICM.java:13773)
	at com.ibm.mm.sdk.server.DKDatastoreICM.connect(DKDatastoreICM.java:3008)
	at com.ibm.mm.sdk.common.DKDatastorePool._createNewConnection(DKDatastorePool.java:1096)
	at com.ibm.mm.sdk.common.DKDatastorePool.access$000(DKDatastorePool.java:253)
	at com.ibm.mm.sdk.common.DKDatastorePool$DatastorePooledObjectManager.create(DKDatastorePool.java:1235)
	at com.ibm.mm.sdk.internal.PSimplePool._createPooledObject(PSimplePool.java:849)
	at com.ibm.mm.sdk.internal.PSimplePool.reserve(PSimplePool.java:552)
	at com.ibm.mm.sdk.common.DKDatastorePool.initConnections(DKDatastorePool.java:852)
	at ICMConnectionPool.getConnection(ICMConnectionPool.java:35)
	at HSChangeOwnerWL.monitorMyWorkList(HSChangeOwnerWL.java:38)
	at HSChangeOwnerWL.HSChangeOwnerWL(HSChangeOwnerWL.java:27)
	at HSChangeOwnerWL.<init>(HSChangeOwnerWL.java:23)
	at HSChangeOwnerWL.main(HSChangeOwnerWL.java:199)



[EXC]: 10/19/2018 at 18:02:21.083 GMT @ Win2012JL (10.77.144.69); com.ibm.mm.sdk.common.DKUsageError # com.ibm.mm.sdk.logtool.DKLogManagerFactory_default
[USR]: Administrator (C:\Users\Administrator) @ C:\Users\Administrator\IBM\rationalsdp\workspace1\HSChangeOwnerWorklist
[THD]: main ( 472c472c )
[THG]: main = { Attach API wait loop, Signal Dispatcher, main }
[LOC]: com.ibm.mm.sdk.server.DKDatastoreICM:connect
[MSG]: DGL7332A: Library server representation type was not found. Please make sure that a valid library server and representation type has been specified in the cmbicmsrvs.ini file or to the Content Manager connector. : icmnlsdb
	at com.ibm.mm.sdk.server.DKDatastoreICM.connect(DKDatastoreICM.java:3455)
	at com.ibm.mm.sdk.common.DKDatastorePool._createNewConnection(DKDatastorePool.java:1096)
	at com.ibm.mm.sdk.common.DKDatastorePool.access$000(DKDatastorePool.java:253)
	at com.ibm.mm.sdk.common.DKDatastorePool$DatastorePooledObjectManager.create(DKDatastorePool.java:1235)
	at com.ibm.mm.sdk.internal.PSimplePool._createPooledObject(PSimplePool.java:849)
	at com.ibm.mm.sdk.internal.PSimplePool.reserve(PSimplePool.java:552)
	at com.ibm.mm.sdk.common.DKDatastorePool.initConnections(DKDatastorePool.java:852)
	at ICMConnectionPool.getConnection(ICMConnectionPool.java:35)
	at HSChangeOwnerWL.monitorMyWorkList(HSChangeOwnerWL.java:38)
	at HSChangeOwnerWL.HSChangeOwnerWL(HSChangeOwnerWL.java:27)
	at HSChangeOwnerWL.<init>(HSChangeOwnerWL.java:23)
	at HSChangeOwnerWL.main(HSChangeOwnerWL.java:199)



[ERR]: 10/19/2018 at 18:02:21.083 GMT @ Win2012JL (10.77.144.69);  # com.ibm.mm.sdk.server.DKDatastoreICM
[USR]: Administrator (C:\Users\Administrator) @ C:\Users\Administrator\IBM\rationalsdp\workspace1\HSChangeOwnerWorklist
[THD]: main ( 472c472c )
[THG]: main = { Attach API wait loop, Signal Dispatcher, main }
[LOC]: com.ibm.mm.sdk.server.DKDatastoreICM:connect
[MSG]: ?--?-    ERROR:  The connect() operation has failed.  Before exiting the DKDatastoreICM.connect() operation, state changes will be rolled back.  Error caught: "DGL7332A: Library server representation type was not found. Please make sure that a valid library server and representation type has been specified in the cmbicmsrvs.ini file or to the Content Manager connector. : icmnlsdb"


[ERR]: 10/19/2018 at 18:02:21.098 GMT @ Win2012JL (10.77.144.69);  # com.ibm.mm.sdk.server.DKDatastoreICM
[USR]: Administrator (C:\Users\Administrator) @ C:\Users\Administrator\IBM\rationalsdp\workspace1\HSChangeOwnerWorklist
[THD]: main ( 472c472c )
[THG]: main = { Attach API wait loop, Signal Dispatcher, main }
[LOC]: com.ibm.mm.sdk.server.DKDatastoreICM:connect
[MSG]: ?--?-com.ibm.mm.sdk.common.DKUsageError: DGL7332A: Library server representation type was not found. Please make sure that a valid library server and representation type has been specified in the cmbicmsrvs.ini file or to the Content Manager connector. : icmnlsdb
	at com.ibm.mm.sdk.server.DKDatastoreICM.connect(DKDatastoreICM.java:3455)
	at com.ibm.mm.sdk.common.DKDatastorePool._createNewConnection(DKDatastorePool.java:1096)
	at com.ibm.mm.sdk.common.DKDatastorePool.access$000(DKDatastorePool.java:253)
	at com.ibm.mm.sdk.common.DKDatastorePool$DatastorePooledObjectManager.create(DKDatastorePool.java:1235)
	at com.ibm.mm.sdk.internal.PSimplePool._createPooledObject(PSimplePool.java:849)
	at com.ibm.mm.sdk.internal.PSimplePool.reserve(PSimplePool.java:552)
	at com.ibm.mm.sdk.common.DKDatastorePool.initConnections(DKDatastorePool.java:852)
	at ICMConnectionPool.getConnection(ICMConnectionPool.java:35)
	at HSChangeOwnerWL.monitorMyWorkList(HSChangeOwnerWL.java:38)
	at HSChangeOwnerWL.HSChangeOwnerWL(HSChangeOwnerWL.java:27)
	at HSChangeOwnerWL.<init>(HSChangeOwnerWL.java:23)
	at HSChangeOwnerWL.main(HSChangeOwnerWL.java:199)



[ERR]: 10/19/2018 at 18:02:21.098 GMT @ Win2012JL (10.77.144.69);  # com.ibm.mm.sdk.common.DKDatastorePool
[USR]: Administrator (C:\Users\Administrator) @ C:\Users\Administrator\IBM\rationalsdp\workspace1\HSChangeOwnerWorklist
[THD]: main ( 472c472c )
[THG]: main = { Attach API wait loop, Signal Dispatcher, main }
[LOC]: com.ibm.mm.sdk.common.DKDatastorePool:returnConnection
[MSG]: DKDatastorePool::returnConnection: An attempt was made to return a datastore to the pool after the datastore has been disconnected.  This is not allowed  poolId: 2


[EXC]: 10/19/2018 at 18:02:21.098 GMT @ Win2012JL (10.77.144.69); com.ibm.mm.sdk.common.DKUsageError # com.ibm.mm.sdk.logtool.DKLogManagerFactory_default
[USR]: Administrator (C:\Users\Administrator) @ C:\Users\Administrator\IBM\rationalsdp\workspace1\HSChangeOwnerWorklist
[THD]: main ( 472c472c )
[THG]: main = { Attach API wait loop, Signal Dispatcher, main }
[LOC]: com.ibm.mm.sdk.internal.PSimplePool:throwUsageError
[MSG]: DGL0554A: Datastore does not belong to the connection pool  com.ibm.mm.sdk.internal.PSimplePool._removeFromUsedPool poolId: 2
	at com.ibm.mm.sdk.internal.PSimplePool.throwUsageError(PSimplePool.java:990)
	at com.ibm.mm.sdk.internal.PSimplePool._removeFromUsedPool(PSimplePool.java:815)
	at com.ibm.mm.sdk.internal.PSimplePool.remove(PSimplePool.java:467)
	at com.ibm.mm.sdk.common.DKDatastorePool.returnConnection(DKDatastorePool.java:809)
	at ICMConnectionPool.returnConnection(ICMConnectionPool.java:53)
	at HSChangeOwnerWL.monitorMyWorkList(HSChangeOwnerWL.java:190)
	at HSChangeOwnerWL.HSChangeOwnerWL(HSChangeOwnerWL.java:27)
	at HSChangeOwnerWL.<init>(HSChangeOwnerWL.java:23)
	at HSChangeOwnerWL.main(HSChangeOwnerWL.java:199)



[EXC]: 10/19/2018 at 18:02:21.098 GMT @ Win2012JL (10.77.144.69); com.ibm.mm.sdk.common.DKUsageError # com.ibm.mm.sdk.logtool.DKLogManagerFactory_default
[USR]: Administrator (C:\Users\Administrator) @ C:\Users\Administrator\IBM\rationalsdp\workspace1\HSChangeOwnerWorklist
[THD]: main ( 472c472c )
[THG]: main = { Attach API wait loop, Signal Dispatcher, main }
[LOC]: com.ibm.mm.sdk.common.DKDatastorePool:throwUsageError
[MSG]: DGL0391A: No connection to datastorecom.ibm.mm.sdk.common.DKDatastorePool.returnConnection
	at com.ibm.mm.sdk.common.DKDatastorePool.throwUsageError(DKDatastorePool.java:1183)
	at com.ibm.mm.sdk.common.DKDatastorePool.returnConnection(DKDatastorePool.java:812)
	at ICMConnectionPool.returnConnection(ICMConnectionPool.java:53)
	at HSChangeOwnerWL.monitorMyWorkList(HSChangeOwnerWL.java:190)
	at HSChangeOwnerWL.HSChangeOwnerWL(HSChangeOwnerWL.java:27)
	at HSChangeOwnerWL.<init>(HSChangeOwnerWL.java:23)
	at HSChangeOwnerWL.main(HSChangeOwnerWL.java:199)


>>>>> Java connector logging started 10/19/2018 at 18:04:09.864 GMT

CODEBASE                : cm85 37_850006     Thu Nov 17 15:50:14 PST 2016 
OS version              : Windows Server 2008 6.2 build 9200
java.vm                 : IBM Corporation, IBM J9 VM, version 1.6.0
java.home               : C:\IBM\SDP\jdk\jre
sun.boot.class.path     : C:\IBM\SDP\jdk\jre\lib\endorsed\jaxws-api.jar;C:\IBM\SDP\jdk\jre\lib\endorsed\jaxb-api.jar;C:\IBM\SDP\jdk\jre\lib\endorsed\javax.j2ee.annotation.jar;C:\IBM\SDP\jdk\jre\lib\vm.jar;C:\IBM\SDP\jdk\jre\lib\annotation.jar;C:\IBM\SDP\jdk\jre\lib\beans.jar;C:\IBM\SDP\jdk\jre\lib\java.util.jar;C:\IBM\SDP\jdk\jre\lib\jndi.jar;C:\IBM\SDP\jdk\jre\lib\logging.jar;C:\IBM\SDP\jdk\jre\lib\security.jar;C:\IBM\SDP\jdk\jre\lib\sql.jar;C:\IBM\SDP\jdk\jre\lib\ibmorb.jar;C:\IBM\SDP\jdk\jre\lib\ibmorbapi.jar;C:\IBM\SDP\jdk\jre\lib\ibmcfw.jar;C:\IBM\SDP\jdk\jre\lib\rt.jar;C:\IBM\SDP\jdk\jre\lib\charsets.jar;C:\IBM\SDP\jdk\jre\lib\resources.jar;C:\IBM\SDP\jdk\jre\lib\ibmpkcs.jar;C:\IBM\SDP\jdk\jre\lib\ibmcertpathfw.jar;C:\IBM\SDP\jdk\jre\lib\ibmjgssfw.jar;C:\IBM\SDP\jdk\jre\lib\ibmjssefw.jar;C:\IBM\SDP\jdk\jre\lib\ibmsaslfw.jar;C:\IBM\SDP\jdk\jre\lib\ibmjcefw.jar;C:\IBM\SDP\jdk\jre\lib\ibmjgssprovider.jar;C:\IBM\SDP\jdk\jre\lib\ibmjsseprovider2.jar;C:\IBM\SDP\jdk\jre\lib\ibmcertpathprovider.jar;C:\IBM\SDP\jdk\jre\lib\ibmxmlcrypto.jar;C:\IBM\SDP\jdk\jre\lib\management-agent.jar;C:\IBM\SDP\jdk\jre\lib\xml.jar;C:\IBM\SDP\jdk\jre\lib\jlm.jar;C:\IBM\SDP\jdk\jre\lib\javascript.jar
java.ext.dir            : null
java.classpath          : C:\Users\Administrator\IBM\rationalsdp\workspace1\HSChangeOwnerWorklist\WebContent\WEB-INF\classes;C:\IBM\db2cmv8\lib\cmbsdk81.jar;C:\IBM\db2cmv8\lib\cmbutil81.jar;C:\IBM\WebSphere\AppServer\plugins\com.ibm.ws.wccm.jar;C:\IBM\WebSphere\AppServer\plugins\com.ibm.ws.emf.jar;C:\IBM\WebSphere\AppServer\dev\JavaEE\6.0\j2ee.jar;C:\IBM\WebSphere\AppServer\lib\mail-impl.jar;C:\IBM\WebSphere\AppServer\plugins\com.ibm.ws.runtime.jar;C:\IBM\WebSphere\AppServer\plugins\com.ibm.ws.admin.core.jar;C:\IBM\WebSphere\AppServer\plugins\com.ibm.ws.admin.services.jar;C:\IBM\WebSphere\AppServer\plugins\com.ibm.ws.portletcontainer.jar;C:\IBM\WebSphere\AppServer\lib\bootstrap.jar;C:\IBM\WebSphere\AppServer\plugins\com.ibm.ws.sib.server.jar;C:\IBM\WebSphere\AppServer\plugins\com.ibm.ws.sip.container.jar;C:\IBM\WebSphere\AppServer\plugins\com.ibm.ws.sip.interface.jar;C:\IBM\WebSphere\AppServer\plugins\com.ibm.ws.jsf.myfaces.jar;C:\IBM\WebSphere\AppServer\plugins\com.ibm.ws.webcontainer.jar;C:\IBM\WebSphere\AppServer\plugins\com.ibm.ws.wsadie\marshall.jar;C:\IBM\WebSphere\AppServer\lib\ffdcSupport.jar;C:\IBM\WebSphere\AppServer\plugins\com.ibm.ws.wsadie\wsatlib.jar;C:\IBM\WebSphere\AppServer\plugins\com.ibm.ws.runtime.dist.jar;C:\IBM\WebSphere\AppServer\installedConnectors\wmq.jmsra.rar\com.ibm.mq.jar;C:\IBM\WebSphere\AppServer\installedConnectors\wmq.jmsra.rar\com.ibm.mq.headers.jar;C:\IBM\WebSphere\AppServer\installedConnectors\wmq.jmsra.rar\com.ibm.mq.pcf.jar;C:\IBM\WebSphere\AppServer\installedConnectors\wmq.jmsra.rar\com.ibm.mq.jmqi.jar;C:\IBM\WebSphere\AppServer\installedConnectors\wmq.jmsra.rar\com.ibm.mq.connector.jar;C:\IBM\WebSphere\AppServer\plugins\org.eclipse.emf.common.jar;C:\IBM\WebSphere\AppServer\plugins\org.eclipse.emf.commonj.sdo.jar;C:\IBM\WebSphere\AppServer\plugins\org.eclipse.emf.ecore.change.jar;C:\IBM\WebSphere\AppServer\plugins\org.eclipse.emf.ecore.sdo.jar;C:\IBM\WebSphere\AppServer\plugins\org.eclipse.emf.ecore.xmi.jar;C:\IBM\WebSphere\AppServer\plugins\org.eclipse.emf.ecore.jar;C:\IBM\WebSphere\AppServer\plugins\com.ibm.ws.prereq.wsdl4j.jar;C:\IBM\WebSphere\AppServer\plugins\com.ibm.wsfp.main.jar;C:\IBM\WebSphere\AppServer\plugins\com.ibm.ws.prereq.jackson.jar;C:\IBM\WebSphere\AppServer\plugins\com.ibm.ws.prereq.vajava.jar;C:\IBM\WebSphere\AppServer\lib\rsadbutils.jar;C:\IBM\WebSphere\AppServer\plugins\com.ibm.ws.prereq.commonj-twm.jar;C:\IBM\WebSphere\AppServer\plugins\com.ibm.ws.prereq.soap.jar;C:\IBM\WebSphere\AppServer\plugins\org.apache.tuscany.sca.api.jar;C:\IBM\WebSphere\AppServer\dev\sca\1.0\sca_api.jar;C:\IBM\WebSphere\AppServer\dev\xml\xmlapi.jar;C:\IBM\WebSphere\AppServer\plugins\com.ibm.ws.batch.runtime.jar;C:\IBM\WebSphere\AppServer\tivoli\tam\PD.jar;C:\IBM\WebSphere\AppServer\installedConnectors\wmq.jmsra.rar\com.ibm.mqjms.jar
sun.boot.library.path   : C:\IBM\SDP\jdk\jre\bin
java.library.path       : C:\IBM\SDP\jdk\jre\bin;.;C:/IBM/SDP//jdk/jre/bin/j9vm;C:/IBM/SDP//jdk/jre/bin;C:/IBM/SDP//jdk/jre/lib/i386;C:\IBM\db2cmv8\Client\;C:\ProgramData\Oracle\Java\javapath;C:\Windows\system32;C:\Windows;C:\Windows\System32\Wbem;C:\Windows\System32\WindowsPowerShell\v1.0\;C:\Program Files\Microsoft SQL Server\Client SDK\ODBC\110\Tools\Binn\;C:\Program Files (x86)\Microsoft SQL Server\120\Tools\Binn\;C:\Program Files\Microsoft SQL Server\120\Tools\Binn\;C:\Program Files\Microsoft SQL Server\120\DTS\Binn\;C:\Program Files (x86)\Microsoft SQL Server\120\Tools\Binn\ManagementStudio\;C:\Program Files (x86)\Microsoft SQL Server\120\DTS\Binn\;C:\Program Files\ibm\gsk8\lib64;C:\Program Files (x86)\ibm\gsk8\lib;C:\IBM\SQLLIB\BIN;C:\IBM\SQLLIB\FUNCTION;C:\IBM\SQLLIB\SAMPLES\REPL;C:\IBM\db2cmv8;C:\IBM\db2cmv8\bin;C:\IBM\db2cmv8\dll;C:\IBM\db2cmv8\inso;C:\IBM\db2cmv8\icc64\lib64;C:\IBM\SDP;
java.io.tmpdir          : C:\Users\ADMINI~1\AppData\Local\Temp\
sun.io.unicode.encoding : UnicodeLittle
user.language           : en
user.timezone           : America/New_York
user.dir                : C:\Users\Administrator\IBM\rationalsdp\workspace1\HSChangeOwnerWorklist
user.name                : Administrator
Log Config              : ?ibmcmconfig.properties

[ WARN] cmblogconfig.properties (the log configuration file) can not be found or an error was encountered while it was being read. (?ibmcmconfig.properties)

[WARN] The log will be written to the file dklog.log in the current directory: C:\Users\Administrator\IBM\rationalsdp\workspace1\HSChangeOwnerWorklist


***** Content Manager Jar File and Version Information *****
 Content Manager Jar File: C:\IBM\db2cmv8\lib\cmbsdk81.jar version: 8.5.0.600
 Content Manager Jar File: C:\IBM\db2cmv8\lib\cmbutil81.jar version: 8.5.0.600
************************************************************

[EXC]: 10/19/2018 at 18:04:09.942 GMT @ Win2012JL (10.77.144.69); com.ibm.mm.sdk.common.DKUsageError # com.ibm.mm.sdk.logtool.DKLogManagerFactory_default
[USR]: Administrator (C:\Users\Administrator) @ C:\Users\Administrator\IBM\rationalsdp\workspace1\HSChangeOwnerWorklist
[THD]: main ( 472c472c )
[THG]: main = { Attach API wait loop, Signal Dispatcher, main }
[LOC]: com.ibm.mm.sdk.server.DKDatastoreICM:listDataSources
[MSG]: DGL7336A: Using the FileReader class, the Content Manager cmbicmsrvs.ini file was not found. The detail error message is: cmbicmsrvs.ini (The system cannot find the file specified.)
	at com.ibm.mm.sdk.server.DKDatastoreICM.listDataSources(DKDatastoreICM.java:8721)
	at com.ibm.mm.sdk.server.DKDatastoreICM.getServerDef(DKDatastoreICM.java:13773)
	at com.ibm.mm.sdk.server.DKDatastoreICM.connect(DKDatastoreICM.java:3008)
	at com.ibm.mm.sdk.common.DKDatastorePool._createNewConnection(DKDatastorePool.java:1096)
	at com.ibm.mm.sdk.common.DKDatastorePool.access$000(DKDatastorePool.java:253)
	at com.ibm.mm.sdk.common.DKDatastorePool$DatastorePooledObjectManager.create(DKDatastorePool.java:1235)
	at com.ibm.mm.sdk.internal.PSimplePool._createPooledObject(PSimplePool.java:849)
	at com.ibm.mm.sdk.internal.PSimplePool.reserve(PSimplePool.java:552)
	at com.ibm.mm.sdk.common.DKDatastorePool.initConnections(DKDatastorePool.java:852)
	at ICMConnectionPool.getConnection(ICMConnectionPool.java:35)
	at HSChangeOwnerWL.monitorMyWorkList(HSChangeOwnerWL.java:38)
	at HSChangeOwnerWL.HSChangeOwnerWL(HSChangeOwnerWL.java:27)
	at HSChangeOwnerWL.<init>(HSChangeOwnerWL.java:23)
	at HSChangeOwnerWL.main(HSChangeOwnerWL.java:199)



[EXC]: 10/19/2018 at 18:04:09.942 GMT @ Win2012JL (10.77.144.69); com.ibm.mm.sdk.common.DKUsageError # com.ibm.mm.sdk.logtool.DKLogManagerFactory_default
[USR]: Administrator (C:\Users\Administrator) @ C:\Users\Administrator\IBM\rationalsdp\workspace1\HSChangeOwnerWorklist
[THD]: main ( 472c472c )
[THG]: main = { Attach API wait loop, Signal Dispatcher, main }
[LOC]: com.ibm.mm.sdk.server.DKDatastoreICM:connect
[MSG]: DGL7332A: Library server representation type was not found. Please make sure that a valid library server and representation type has been specified in the cmbicmsrvs.ini file or to the Content Manager connector. : icmnlsdb
	at com.ibm.mm.sdk.server.DKDatastoreICM.connect(DKDatastoreICM.java:3455)
	at com.ibm.mm.sdk.common.DKDatastorePool._createNewConnection(DKDatastorePool.java:1096)
	at com.ibm.mm.sdk.common.DKDatastorePool.access$000(DKDatastorePool.java:253)
	at com.ibm.mm.sdk.common.DKDatastorePool$DatastorePooledObjectManager.create(DKDatastorePool.java:1235)
	at com.ibm.mm.sdk.internal.PSimplePool._createPooledObject(PSimplePool.java:849)
	at com.ibm.mm.sdk.internal.PSimplePool.reserve(PSimplePool.java:552)
	at com.ibm.mm.sdk.common.DKDatastorePool.initConnections(DKDatastorePool.java:852)
	at ICMConnectionPool.getConnection(ICMConnectionPool.java:35)
	at HSChangeOwnerWL.monitorMyWorkList(HSChangeOwnerWL.java:38)
	at HSChangeOwnerWL.HSChangeOwnerWL(HSChangeOwnerWL.java:27)
	at HSChangeOwnerWL.<init>(HSChangeOwnerWL.java:23)
	at HSChangeOwnerWL.main(HSChangeOwnerWL.java:199)



[ERR]: 10/19/2018 at 18:04:09.942 GMT @ Win2012JL (10.77.144.69);  # com.ibm.mm.sdk.server.DKDatastoreICM
[USR]: Administrator (C:\Users\Administrator) @ C:\Users\Administrator\IBM\rationalsdp\workspace1\HSChangeOwnerWorklist
[THD]: main ( 472c472c )
[THG]: main = { Attach API wait loop, Signal Dispatcher, main }
[LOC]: com.ibm.mm.sdk.server.DKDatastoreICM:connect
[MSG]: ?--?-    ERROR:  The connect() operation has failed.  Before exiting the DKDatastoreICM.connect() operation, state changes will be rolled back.  Error caught: "DGL7332A: Library server representation type was not found. Please make sure that a valid library server and representation type has been specified in the cmbicmsrvs.ini file or to the Content Manager connector. : icmnlsdb"


[ERR]: 10/19/2018 at 18:04:09.942 GMT @ Win2012JL (10.77.144.69);  # com.ibm.mm.sdk.server.DKDatastoreICM
[USR]: Administrator (C:\Users\Administrator) @ C:\Users\Administrator\IBM\rationalsdp\workspace1\HSChangeOwnerWorklist
[THD]: main ( 472c472c )
[THG]: main = { Attach API wait loop, Signal Dispatcher, main }
[LOC]: com.ibm.mm.sdk.server.DKDatastoreICM:connect
[MSG]: ?--?-com.ibm.mm.sdk.common.DKUsageError: DGL7332A: Library server representation type was not found. Please make sure that a valid library server and representation type has been specified in the cmbicmsrvs.ini file or to the Content Manager connector. : icmnlsdb
	at com.ibm.mm.sdk.server.DKDatastoreICM.connect(DKDatastoreICM.java:3455)
	at com.ibm.mm.sdk.common.DKDatastorePool._createNewConnection(DKDatastorePool.java:1096)
	at com.ibm.mm.sdk.common.DKDatastorePool.access$000(DKDatastorePool.java:253)
	at com.ibm.mm.sdk.common.DKDatastorePool$DatastorePooledObjectManager.create(DKDatastorePool.java:1235)
	at com.ibm.mm.sdk.internal.PSimplePool._createPooledObject(PSimplePool.java:849)
	at com.ibm.mm.sdk.internal.PSimplePool.reserve(PSimplePool.java:552)
	at com.ibm.mm.sdk.common.DKDatastorePool.initConnections(DKDatastorePool.java:852)
	at ICMConnectionPool.getConnection(ICMConnectionPool.java:35)
	at HSChangeOwnerWL.monitorMyWorkList(HSChangeOwnerWL.java:38)
	at HSChangeOwnerWL.HSChangeOwnerWL(HSChangeOwnerWL.java:27)
	at HSChangeOwnerWL.<init>(HSChangeOwnerWL.java:23)
	at HSChangeOwnerWL.main(HSChangeOwnerWL.java:199)



[ERR]: 10/19/2018 at 18:04:09.958 GMT @ Win2012JL (10.77.144.69);  # com.ibm.mm.sdk.common.DKDatastorePool
[USR]: Administrator (C:\Users\Administrator) @ C:\Users\Administrator\IBM\rationalsdp\workspace1\HSChangeOwnerWorklist
[THD]: main ( 472c472c )
[THG]: main = { Attach API wait loop, Signal Dispatcher, main }
[LOC]: com.ibm.mm.sdk.common.DKDatastorePool:returnConnection
[MSG]: DKDatastorePool::returnConnection: An attempt was made to return a datastore to the pool after the datastore has been disconnected.  This is not allowed  poolId: 2


[EXC]: 10/19/2018 at 18:04:09.958 GMT @ Win2012JL (10.77.144.69); com.ibm.mm.sdk.common.DKUsageError # com.ibm.mm.sdk.logtool.DKLogManagerFactory_default
[USR]: Administrator (C:\Users\Administrator) @ C:\Users\Administrator\IBM\rationalsdp\workspace1\HSChangeOwnerWorklist
[THD]: main ( 472c472c )
[THG]: main = { Attach API wait loop, Signal Dispatcher, main }
[LOC]: com.ibm.mm.sdk.internal.PSimplePool:throwUsageError
[MSG]: DGL0554A: Datastore does not belong to the connection pool  com.ibm.mm.sdk.internal.PSimplePool._removeFromUsedPool poolId: 2
	at com.ibm.mm.sdk.internal.PSimplePool.throwUsageError(PSimplePool.java:990)
	at com.ibm.mm.sdk.internal.PSimplePool._removeFromUsedPool(PSimplePool.java:815)
	at com.ibm.mm.sdk.internal.PSimplePool.remove(PSimplePool.java:467)
	at com.ibm.mm.sdk.common.DKDatastorePool.returnConnection(DKDatastorePool.java:809)
	at ICMConnectionPool.returnConnection(ICMConnectionPool.java:53)
	at HSChangeOwnerWL.monitorMyWorkList(HSChangeOwnerWL.java:190)
	at HSChangeOwnerWL.HSChangeOwnerWL(HSChangeOwnerWL.java:27)
	at HSChangeOwnerWL.<init>(HSChangeOwnerWL.java:23)
	at HSChangeOwnerWL.main(HSChangeOwnerWL.java:199)



[EXC]: 10/19/2018 at 18:04:09.958 GMT @ Win2012JL (10.77.144.69); com.ibm.mm.sdk.common.DKUsageError # com.ibm.mm.sdk.logtool.DKLogManagerFactory_default
[USR]: Administrator (C:\Users\Administrator) @ C:\Users\Administrator\IBM\rationalsdp\workspace1\HSChangeOwnerWorklist
[THD]: main ( 472c472c )
[THG]: main = { Attach API wait loop, Signal Dispatcher, main }
[LOC]: com.ibm.mm.sdk.common.DKDatastorePool:throwUsageError
[MSG]: DGL0391A: No connection to datastorecom.ibm.mm.sdk.common.DKDatastorePool.returnConnection
	at com.ibm.mm.sdk.common.DKDatastorePool.throwUsageError(DKDatastorePool.java:1183)
	at com.ibm.mm.sdk.common.DKDatastorePool.returnConnection(DKDatastorePool.java:812)
	at ICMConnectionPool.returnConnection(ICMConnectionPool.java:53)
	at HSChangeOwnerWL.monitorMyWorkList(HSChangeOwnerWL.java:190)
	at HSChangeOwnerWL.HSChangeOwnerWL(HSChangeOwnerWL.java:27)
	at HSChangeOwnerWL.<init>(HSChangeOwnerWL.java:23)
	at HSChangeOwnerWL.main(HSChangeOwnerWL.java:199)


>>>>> Java connector logging started 10/19/2018 at 18:04:27.005 GMT

CODEBASE                : cm85 37_850006     Thu Nov 17 15:50:14 PST 2016 
OS version              : Windows Server 2008 6.2 build 9200
java.vm                 : IBM Corporation, IBM J9 VM, version 1.6.0
java.home               : C:\IBM\SDP\jdk\jre
sun.boot.class.path     : C:\IBM\SDP\jdk\jre\lib\endorsed\jaxws-api.jar;C:\IBM\SDP\jdk\jre\lib\endorsed\jaxb-api.jar;C:\IBM\SDP\jdk\jre\lib\endorsed\javax.j2ee.annotation.jar;C:\IBM\SDP\jdk\jre\lib\vm.jar;C:\IBM\SDP\jdk\jre\lib\annotation.jar;C:\IBM\SDP\jdk\jre\lib\beans.jar;C:\IBM\SDP\jdk\jre\lib\java.util.jar;C:\IBM\SDP\jdk\jre\lib\jndi.jar;C:\IBM\SDP\jdk\jre\lib\logging.jar;C:\IBM\SDP\jdk\jre\lib\security.jar;C:\IBM\SDP\jdk\jre\lib\sql.jar;C:\IBM\SDP\jdk\jre\lib\ibmorb.jar;C:\IBM\SDP\jdk\jre\lib\ibmorbapi.jar;C:\IBM\SDP\jdk\jre\lib\ibmcfw.jar;C:\IBM\SDP\jdk\jre\lib\rt.jar;C:\IBM\SDP\jdk\jre\lib\charsets.jar;C:\IBM\SDP\jdk\jre\lib\resources.jar;C:\IBM\SDP\jdk\jre\lib\ibmpkcs.jar;C:\IBM\SDP\jdk\jre\lib\ibmcertpathfw.jar;C:\IBM\SDP\jdk\jre\lib\ibmjgssfw.jar;C:\IBM\SDP\jdk\jre\lib\ibmjssefw.jar;C:\IBM\SDP\jdk\jre\lib\ibmsaslfw.jar;C:\IBM\SDP\jdk\jre\lib\ibmjcefw.jar;C:\IBM\SDP\jdk\jre\lib\ibmjgssprovider.jar;C:\IBM\SDP\jdk\jre\lib\ibmjsseprovider2.jar;C:\IBM\SDP\jdk\jre\lib\ibmcertpathprovider.jar;C:\IBM\SDP\jdk\jre\lib\ibmxmlcrypto.jar;C:\IBM\SDP\jdk\jre\lib\management-agent.jar;C:\IBM\SDP\jdk\jre\lib\xml.jar;C:\IBM\SDP\jdk\jre\lib\jlm.jar;C:\IBM\SDP\jdk\jre\lib\javascript.jar
java.ext.dir            : null
java.classpath          : C:\Users\Administrator\IBM\rationalsdp\workspace1\HSChangeOwnerWorklist\WebContent\WEB-INF\classes;C:\IBM\db2cmv8\lib\cmbsdk81.jar;C:\IBM\db2cmv8\lib\cmbutil81.jar;C:\IBM\WebSphere\AppServer\plugins\com.ibm.ws.wccm.jar;C:\IBM\WebSphere\AppServer\plugins\com.ibm.ws.emf.jar;C:\IBM\WebSphere\AppServer\dev\JavaEE\6.0\j2ee.jar;C:\IBM\WebSphere\AppServer\lib\mail-impl.jar;C:\IBM\WebSphere\AppServer\plugins\com.ibm.ws.runtime.jar;C:\IBM\WebSphere\AppServer\plugins\com.ibm.ws.admin.core.jar;C:\IBM\WebSphere\AppServer\plugins\com.ibm.ws.admin.services.jar;C:\IBM\WebSphere\AppServer\plugins\com.ibm.ws.portletcontainer.jar;C:\IBM\WebSphere\AppServer\lib\bootstrap.jar;C:\IBM\WebSphere\AppServer\plugins\com.ibm.ws.sib.server.jar;C:\IBM\WebSphere\AppServer\plugins\com.ibm.ws.sip.container.jar;C:\IBM\WebSphere\AppServer\plugins\com.ibm.ws.sip.interface.jar;C:\IBM\WebSphere\AppServer\plugins\com.ibm.ws.jsf.myfaces.jar;C:\IBM\WebSphere\AppServer\plugins\com.ibm.ws.webcontainer.jar;C:\IBM\WebSphere\AppServer\plugins\com.ibm.ws.wsadie\marshall.jar;C:\IBM\WebSphere\AppServer\lib\ffdcSupport.jar;C:\IBM\WebSphere\AppServer\plugins\com.ibm.ws.wsadie\wsatlib.jar;C:\IBM\WebSphere\AppServer\plugins\com.ibm.ws.runtime.dist.jar;C:\IBM\WebSphere\AppServer\installedConnectors\wmq.jmsra.rar\com.ibm.mq.jar;C:\IBM\WebSphere\AppServer\installedConnectors\wmq.jmsra.rar\com.ibm.mq.headers.jar;C:\IBM\WebSphere\AppServer\installedConnectors\wmq.jmsra.rar\com.ibm.mq.pcf.jar;C:\IBM\WebSphere\AppServer\installedConnectors\wmq.jmsra.rar\com.ibm.mq.jmqi.jar;C:\IBM\WebSphere\AppServer\installedConnectors\wmq.jmsra.rar\com.ibm.mq.connector.jar;C:\IBM\WebSphere\AppServer\plugins\org.eclipse.emf.common.jar;C:\IBM\WebSphere\AppServer\plugins\org.eclipse.emf.commonj.sdo.jar;C:\IBM\WebSphere\AppServer\plugins\org.eclipse.emf.ecore.change.jar;C:\IBM\WebSphere\AppServer\plugins\org.eclipse.emf.ecore.sdo.jar;C:\IBM\WebSphere\AppServer\plugins\org.eclipse.emf.ecore.xmi.jar;C:\IBM\WebSphere\AppServer\plugins\org.eclipse.emf.ecore.jar;C:\IBM\WebSphere\AppServer\plugins\com.ibm.ws.prereq.wsdl4j.jar;C:\IBM\WebSphere\AppServer\plugins\com.ibm.wsfp.main.jar;C:\IBM\WebSphere\AppServer\plugins\com.ibm.ws.prereq.jackson.jar;C:\IBM\WebSphere\AppServer\plugins\com.ibm.ws.prereq.vajava.jar;C:\IBM\WebSphere\AppServer\lib\rsadbutils.jar;C:\IBM\WebSphere\AppServer\plugins\com.ibm.ws.prereq.commonj-twm.jar;C:\IBM\WebSphere\AppServer\plugins\com.ibm.ws.prereq.soap.jar;C:\IBM\WebSphere\AppServer\plugins\org.apache.tuscany.sca.api.jar;C:\IBM\WebSphere\AppServer\dev\sca\1.0\sca_api.jar;C:\IBM\WebSphere\AppServer\dev\xml\xmlapi.jar;C:\IBM\WebSphere\AppServer\plugins\com.ibm.ws.batch.runtime.jar;C:\IBM\WebSphere\AppServer\tivoli\tam\PD.jar;C:\IBM\WebSphere\AppServer\installedConnectors\wmq.jmsra.rar\com.ibm.mqjms.jar
sun.boot.library.path   : C:\IBM\SDP\jdk\jre\bin
java.library.path       : C:\IBM\SDP\jdk\jre\bin;.;C:/IBM/SDP//jdk/jre/bin/j9vm;C:/IBM/SDP//jdk/jre/bin;C:/IBM/SDP//jdk/jre/lib/i386;C:\IBM\db2cmv8\Client\;C:\ProgramData\Oracle\Java\javapath;C:\Windows\system32;C:\Windows;C:\Windows\System32\Wbem;C:\Windows\System32\WindowsPowerShell\v1.0\;C:\Program Files\Microsoft SQL Server\Client SDK\ODBC\110\Tools\Binn\;C:\Program Files (x86)\Microsoft SQL Server\120\Tools\Binn\;C:\Program Files\Microsoft SQL Server\120\Tools\Binn\;C:\Program Files\Microsoft SQL Server\120\DTS\Binn\;C:\Program Files (x86)\Microsoft SQL Server\120\Tools\Binn\ManagementStudio\;C:\Program Files (x86)\Microsoft SQL Server\120\DTS\Binn\;C:\Program Files\ibm\gsk8\lib64;C:\Program Files (x86)\ibm\gsk8\lib;C:\IBM\SQLLIB\BIN;C:\IBM\SQLLIB\FUNCTION;C:\IBM\SQLLIB\SAMPLES\REPL;C:\IBM\db2cmv8;C:\IBM\db2cmv8\bin;C:\IBM\db2cmv8\dll;C:\IBM\db2cmv8\inso;C:\IBM\db2cmv8\icc64\lib64;C:\IBM\SDP;
java.io.tmpdir          : C:\Users\ADMINI~1\AppData\Local\Temp\
sun.io.unicode.encoding : UnicodeLittle
user.language           : en
user.timezone           : America/New_York
user.dir                : C:\Users\Administrator\IBM\rationalsdp\workspace1\HSChangeOwnerWorklist
user.name                : Administrator
Log Config              : ?ibmcmconfig.properties

[ WARN] cmblogconfig.properties (the log configuration file) can not be found or an error was encountered while it was being read. (?ibmcmconfig.properties)

[WARN] The log will be written to the file dklog.log in the current directory: C:\Users\Administrator\IBM\rationalsdp\workspace1\HSChangeOwnerWorklist


***** Content Manager Jar File and Version Information *****
 Content Manager Jar File: C:\IBM\db2cmv8\lib\cmbsdk81.jar version: 8.5.0.600
 Content Manager Jar File: C:\IBM\db2cmv8\lib\cmbutil81.jar version: 8.5.0.600
************************************************************

[EXC]: 10/19/2018 at 18:04:27.067 GMT @ Win2012JL (10.77.144.69); com.ibm.mm.sdk.common.DKUsageError # com.ibm.mm.sdk.logtool.DKLogManagerFactory_default
[USR]: Administrator (C:\Users\Administrator) @ C:\Users\Administrator\IBM\rationalsdp\workspace1\HSChangeOwnerWorklist
[THD]: main ( 72c072c )
[THG]: main = { Attach API wait loop, Signal Dispatcher, main }
[LOC]: com.ibm.mm.sdk.server.DKDatastoreICM:listDataSources
[MSG]: DGL7336A: Using the FileReader class, the Content Manager cmbicmsrvs.ini file was not found. The detail error message is: cmbicmsrvs.ini (The system cannot find the file specified.)
	at com.ibm.mm.sdk.server.DKDatastoreICM.listDataSources(DKDatastoreICM.java:8721)
	at com.ibm.mm.sdk.server.DKDatastoreICM.getServerDef(DKDatastoreICM.java:13773)
	at com.ibm.mm.sdk.server.DKDatastoreICM.connect(DKDatastoreICM.java:3008)
	at com.ibm.mm.sdk.common.DKDatastorePool._createNewConnection(DKDatastorePool.java:1096)
	at com.ibm.mm.sdk.common.DKDatastorePool.access$000(DKDatastorePool.java:253)
	at com.ibm.mm.sdk.common.DKDatastorePool$DatastorePooledObjectManager.create(DKDatastorePool.java:1235)
	at com.ibm.mm.sdk.internal.PSimplePool._createPooledObject(PSimplePool.java:849)
	at com.ibm.mm.sdk.internal.PSimplePool.reserve(PSimplePool.java:552)
	at com.ibm.mm.sdk.common.DKDatastorePool.initConnections(DKDatastorePool.java:852)
	at ICMConnectionPool.getConnection(ICMConnectionPool.java:35)
	at HSChangeOwnerWL.monitorMyWorkList(HSChangeOwnerWL.java:38)
	at HSChangeOwnerWL.HSChangeOwnerWL(HSChangeOwnerWL.java:27)
	at HSChangeOwnerWL.<init>(HSChangeOwnerWL.java:23)
	at HSChangeOwnerWL.main(HSChangeOwnerWL.java:199)



[EXC]: 10/19/2018 at 18:04:27.082 GMT @ Win2012JL (10.77.144.69); com.ibm.mm.sdk.common.DKUsageError # com.ibm.mm.sdk.logtool.DKLogManagerFactory_default
[USR]: Administrator (C:\Users\Administrator) @ C:\Users\Administrator\IBM\rationalsdp\workspace1\HSChangeOwnerWorklist
[THD]: main ( 72c072c )
[THG]: main = { Attach API wait loop, Signal Dispatcher, main }
[LOC]: com.ibm.mm.sdk.server.DKDatastoreICM:connect
[MSG]: DGL7332A: Library server representation type was not found. Please make sure that a valid library server and representation type has been specified in the cmbicmsrvs.ini file or to the Content Manager connector. : icmnlsdb
	at com.ibm.mm.sdk.server.DKDatastoreICM.connect(DKDatastoreICM.java:3455)
	at com.ibm.mm.sdk.common.DKDatastorePool._createNewConnection(DKDatastorePool.java:1096)
	at com.ibm.mm.sdk.common.DKDatastorePool.access$000(DKDatastorePool.java:253)
	at com.ibm.mm.sdk.common.DKDatastorePool$DatastorePooledObjectManager.create(DKDatastorePool.java:1235)
	at com.ibm.mm.sdk.internal.PSimplePool._createPooledObject(PSimplePool.java:849)
	at com.ibm.mm.sdk.internal.PSimplePool.reserve(PSimplePool.java:552)
	at com.ibm.mm.sdk.common.DKDatastorePool.initConnections(DKDatastorePool.java:852)
	at ICMConnectionPool.getConnection(ICMConnectionPool.java:35)
	at HSChangeOwnerWL.monitorMyWorkList(HSChangeOwnerWL.java:38)
	at HSChangeOwnerWL.HSChangeOwnerWL(HSChangeOwnerWL.java:27)
	at HSChangeOwnerWL.<init>(HSChangeOwnerWL.java:23)
	at HSChangeOwnerWL.main(HSChangeOwnerWL.java:199)



[ERR]: 10/19/2018 at 18:04:27.082 GMT @ Win2012JL (10.77.144.69);  # com.ibm.mm.sdk.server.DKDatastoreICM
[USR]: Administrator (C:\Users\Administrator) @ C:\Users\Administrator\IBM\rationalsdp\workspace1\HSChangeOwnerWorklist
[THD]: main ( 72c072c )
[THG]: main = { Attach API wait loop, Signal Dispatcher, main }
[LOC]: com.ibm.mm.sdk.server.DKDatastoreICM:connect
[MSG]: ?--?-    ERROR:  The connect() operation has failed.  Before exiting the DKDatastoreICM.connect() operation, state changes will be rolled back.  Error caught: "DGL7332A: Library server representation type was not found. Please make sure that a valid library server and representation type has been specified in the cmbicmsrvs.ini file or to the Content Manager connector. : icmnlsdb"


[ERR]: 10/19/2018 at 18:04:27.082 GMT @ Win2012JL (10.77.144.69);  # com.ibm.mm.sdk.server.DKDatastoreICM
[USR]: Administrator (C:\Users\Administrator) @ C:\Users\Administrator\IBM\rationalsdp\workspace1\HSChangeOwnerWorklist
[THD]: main ( 72c072c )
[THG]: main = { Attach API wait loop, Signal Dispatcher, main }
[LOC]: com.ibm.mm.sdk.server.DKDatastoreICM:connect
[MSG]: ?--?-com.ibm.mm.sdk.common.DKUsageError: DGL7332A: Library server representation type was not found. Please make sure that a valid library server and representation type has been specified in the cmbicmsrvs.ini file or to the Content Manager connector. : icmnlsdb
	at com.ibm.mm.sdk.server.DKDatastoreICM.connect(DKDatastoreICM.java:3455)
	at com.ibm.mm.sdk.common.DKDatastorePool._createNewConnection(DKDatastorePool.java:1096)
	at com.ibm.mm.sdk.common.DKDatastorePool.access$000(DKDatastorePool.java:253)
	at com.ibm.mm.sdk.common.DKDatastorePool$DatastorePooledObjectManager.create(DKDatastorePool.java:1235)
	at com.ibm.mm.sdk.internal.PSimplePool._createPooledObject(PSimplePool.java:849)
	at com.ibm.mm.sdk.internal.PSimplePool.reserve(PSimplePool.java:552)
	at com.ibm.mm.sdk.common.DKDatastorePool.initConnections(DKDatastorePool.java:852)
	at ICMConnectionPool.getConnection(ICMConnectionPool.java:35)
	at HSChangeOwnerWL.monitorMyWorkList(HSChangeOwnerWL.java:38)
	at HSChangeOwnerWL.HSChangeOwnerWL(HSChangeOwnerWL.java:27)
	at HSChangeOwnerWL.<init>(HSChangeOwnerWL.java:23)
	at HSChangeOwnerWL.main(HSChangeOwnerWL.java:199)



[ERR]: 10/19/2018 at 18:04:27.082 GMT @ Win2012JL (10.77.144.69);  # com.ibm.mm.sdk.common.DKDatastorePool
[USR]: Administrator (C:\Users\Administrator) @ C:\Users\Administrator\IBM\rationalsdp\workspace1\HSChangeOwnerWorklist
[THD]: main ( 72c072c )
[THG]: main = { Attach API wait loop, Signal Dispatcher, main }
[LOC]: com.ibm.mm.sdk.common.DKDatastorePool:returnConnection
[MSG]: DKDatastorePool::returnConnection: An attempt was made to return a datastore to the pool after the datastore has been disconnected.  This is not allowed  poolId: 2


[EXC]: 10/19/2018 at 18:04:27.098 GMT @ Win2012JL (10.77.144.69); com.ibm.mm.sdk.common.DKUsageError # com.ibm.mm.sdk.logtool.DKLogManagerFactory_default
[USR]: Administrator (C:\Users\Administrator) @ C:\Users\Administrator\IBM\rationalsdp\workspace1\HSChangeOwnerWorklist
[THD]: main ( 72c072c )
[THG]: main = { Attach API wait loop, Signal Dispatcher, main }
[LOC]: com.ibm.mm.sdk.internal.PSimplePool:throwUsageError
[MSG]: DGL0554A: Datastore does not belong to the connection pool  com.ibm.mm.sdk.internal.PSimplePool._removeFromUsedPool poolId: 2
	at com.ibm.mm.sdk.internal.PSimplePool.throwUsageError(PSimplePool.java:990)
	at com.ibm.mm.sdk.internal.PSimplePool._removeFromUsedPool(PSimplePool.java:815)
	at com.ibm.mm.sdk.internal.PSimplePool.remove(PSimplePool.java:467)
	at com.ibm.mm.sdk.common.DKDatastorePool.returnConnection(DKDatastorePool.java:809)
	at ICMConnectionPool.returnConnection(ICMConnectionPool.java:53)
	at HSChangeOwnerWL.monitorMyWorkList(HSChangeOwnerWL.java:190)
	at HSChangeOwnerWL.HSChangeOwnerWL(HSChangeOwnerWL.java:27)
	at HSChangeOwnerWL.<init>(HSChangeOwnerWL.java:23)
	at HSChangeOwnerWL.main(HSChangeOwnerWL.java:199)



[EXC]: 10/19/2018 at 18:04:27.098 GMT @ Win2012JL (10.77.144.69); com.ibm.mm.sdk.common.DKUsageError # com.ibm.mm.sdk.logtool.DKLogManagerFactory_default
[USR]: Administrator (C:\Users\Administrator) @ C:\Users\Administrator\IBM\rationalsdp\workspace1\HSChangeOwnerWorklist
[THD]: main ( 72c072c )
[THG]: main = { Attach API wait loop, Signal Dispatcher, main }
[LOC]: com.ibm.mm.sdk.common.DKDatastorePool:throwUsageError
[MSG]: DGL0391A: No connection to datastorecom.ibm.mm.sdk.common.DKDatastorePool.returnConnection
	at com.ibm.mm.sdk.common.DKDatastorePool.throwUsageError(DKDatastorePool.java:1183)
	at com.ibm.mm.sdk.common.DKDatastorePool.returnConnection(DKDatastorePool.java:812)
	at ICMConnectionPool.returnConnection(ICMConnectionPool.java:53)
	at HSChangeOwnerWL.monitorMyWorkList(HSChangeOwnerWL.java:190)
	at HSChangeOwnerWL.HSChangeOwnerWL(HSChangeOwnerWL.java:27)
	at HSChangeOwnerWL.<init>(HSChangeOwnerWL.java:23)
	at HSChangeOwnerWL.main(HSChangeOwnerWL.java:199)


>>>>> Java connector logging started 10/19/2018 at 18:05:03.848 GMT

CODEBASE                : cm85 37_850006     Thu Nov 17 15:50:14 PST 2016 
OS version              : Windows Server 2008 6.2 build 9200
java.vm                 : IBM Corporation, IBM J9 VM, version 1.6.0
java.home               : C:\IBM\SDP\jdk\jre
sun.boot.class.path     : C:\IBM\SDP\jdk\jre\lib\endorsed\jaxws-api.jar;C:\IBM\SDP\jdk\jre\lib\endorsed\jaxb-api.jar;C:\IBM\SDP\jdk\jre\lib\endorsed\javax.j2ee.annotation.jar;C:\IBM\SDP\jdk\jre\lib\vm.jar;C:\IBM\SDP\jdk\jre\lib\annotation.jar;C:\IBM\SDP\jdk\jre\lib\beans.jar;C:\IBM\SDP\jdk\jre\lib\java.util.jar;C:\IBM\SDP\jdk\jre\lib\jndi.jar;C:\IBM\SDP\jdk\jre\lib\logging.jar;C:\IBM\SDP\jdk\jre\lib\security.jar;C:\IBM\SDP\jdk\jre\lib\sql.jar;C:\IBM\SDP\jdk\jre\lib\ibmorb.jar;C:\IBM\SDP\jdk\jre\lib\ibmorbapi.jar;C:\IBM\SDP\jdk\jre\lib\ibmcfw.jar;C:\IBM\SDP\jdk\jre\lib\rt.jar;C:\IBM\SDP\jdk\jre\lib\charsets.jar;C:\IBM\SDP\jdk\jre\lib\resources.jar;C:\IBM\SDP\jdk\jre\lib\ibmpkcs.jar;C:\IBM\SDP\jdk\jre\lib\ibmcertpathfw.jar;C:\IBM\SDP\jdk\jre\lib\ibmjgssfw.jar;C:\IBM\SDP\jdk\jre\lib\ibmjssefw.jar;C:\IBM\SDP\jdk\jre\lib\ibmsaslfw.jar;C:\IBM\SDP\jdk\jre\lib\ibmjcefw.jar;C:\IBM\SDP\jdk\jre\lib\ibmjgssprovider.jar;C:\IBM\SDP\jdk\jre\lib\ibmjsseprovider2.jar;C:\IBM\SDP\jdk\jre\lib\ibmcertpathprovider.jar;C:\IBM\SDP\jdk\jre\lib\ibmxmlcrypto.jar;C:\IBM\SDP\jdk\jre\lib\management-agent.jar;C:\IBM\SDP\jdk\jre\lib\xml.jar;C:\IBM\SDP\jdk\jre\lib\jlm.jar;C:\IBM\SDP\jdk\jre\lib\javascript.jar
java.ext.dir            : null
java.classpath          : C:\Users\Administrator\IBM\rationalsdp\workspace1\HSChangeOwnerWorklist\WebContent\WEB-INF\classes;C:\IBM\db2cmv8\lib\cmbsdk81.jar;C:\IBM\db2cmv8\lib\cmbutil81.jar;C:\IBM\WebSphere\AppServer\plugins\com.ibm.ws.wccm.jar;C:\IBM\WebSphere\AppServer\plugins\com.ibm.ws.emf.jar;C:\IBM\WebSphere\AppServer\dev\JavaEE\6.0\j2ee.jar;C:\IBM\WebSphere\AppServer\lib\mail-impl.jar;C:\IBM\WebSphere\AppServer\plugins\com.ibm.ws.runtime.jar;C:\IBM\WebSphere\AppServer\plugins\com.ibm.ws.admin.core.jar;C:\IBM\WebSphere\AppServer\plugins\com.ibm.ws.admin.services.jar;C:\IBM\WebSphere\AppServer\plugins\com.ibm.ws.portletcontainer.jar;C:\IBM\WebSphere\AppServer\lib\bootstrap.jar;C:\IBM\WebSphere\AppServer\plugins\com.ibm.ws.sib.server.jar;C:\IBM\WebSphere\AppServer\plugins\com.ibm.ws.sip.container.jar;C:\IBM\WebSphere\AppServer\plugins\com.ibm.ws.sip.interface.jar;C:\IBM\WebSphere\AppServer\plugins\com.ibm.ws.jsf.myfaces.jar;C:\IBM\WebSphere\AppServer\plugins\com.ibm.ws.webcontainer.jar;C:\IBM\WebSphere\AppServer\plugins\com.ibm.ws.wsadie\marshall.jar;C:\IBM\WebSphere\AppServer\lib\ffdcSupport.jar;C:\IBM\WebSphere\AppServer\plugins\com.ibm.ws.wsadie\wsatlib.jar;C:\IBM\WebSphere\AppServer\plugins\com.ibm.ws.runtime.dist.jar;C:\IBM\WebSphere\AppServer\installedConnectors\wmq.jmsra.rar\com.ibm.mq.jar;C:\IBM\WebSphere\AppServer\installedConnectors\wmq.jmsra.rar\com.ibm.mq.headers.jar;C:\IBM\WebSphere\AppServer\installedConnectors\wmq.jmsra.rar\com.ibm.mq.pcf.jar;C:\IBM\WebSphere\AppServer\installedConnectors\wmq.jmsra.rar\com.ibm.mq.jmqi.jar;C:\IBM\WebSphere\AppServer\installedConnectors\wmq.jmsra.rar\com.ibm.mq.connector.jar;C:\IBM\WebSphere\AppServer\plugins\org.eclipse.emf.common.jar;C:\IBM\WebSphere\AppServer\plugins\org.eclipse.emf.commonj.sdo.jar;C:\IBM\WebSphere\AppServer\plugins\org.eclipse.emf.ecore.change.jar;C:\IBM\WebSphere\AppServer\plugins\org.eclipse.emf.ecore.sdo.jar;C:\IBM\WebSphere\AppServer\plugins\org.eclipse.emf.ecore.xmi.jar;C:\IBM\WebSphere\AppServer\plugins\org.eclipse.emf.ecore.jar;C:\IBM\WebSphere\AppServer\plugins\com.ibm.ws.prereq.wsdl4j.jar;C:\IBM\WebSphere\AppServer\plugins\com.ibm.wsfp.main.jar;C:\IBM\WebSphere\AppServer\plugins\com.ibm.ws.prereq.jackson.jar;C:\IBM\WebSphere\AppServer\plugins\com.ibm.ws.prereq.vajava.jar;C:\IBM\WebSphere\AppServer\lib\rsadbutils.jar;C:\IBM\WebSphere\AppServer\plugins\com.ibm.ws.prereq.commonj-twm.jar;C:\IBM\WebSphere\AppServer\plugins\com.ibm.ws.prereq.soap.jar;C:\IBM\WebSphere\AppServer\plugins\org.apache.tuscany.sca.api.jar;C:\IBM\WebSphere\AppServer\dev\sca\1.0\sca_api.jar;C:\IBM\WebSphere\AppServer\dev\xml\xmlapi.jar;C:\IBM\WebSphere\AppServer\plugins\com.ibm.ws.batch.runtime.jar;C:\IBM\WebSphere\AppServer\tivoli\tam\PD.jar;C:\IBM\WebSphere\AppServer\installedConnectors\wmq.jmsra.rar\com.ibm.mqjms.jar
sun.boot.library.path   : C:\IBM\SDP\jdk\jre\bin
java.library.path       : C:\IBM\SDP\jdk\jre\bin;.;C:/IBM/SDP//jdk/jre/bin/j9vm;C:/IBM/SDP//jdk/jre/bin;C:/IBM/SDP//jdk/jre/lib/i386;C:\IBM\db2cmv8\Client\;C:\ProgramData\Oracle\Java\javapath;C:\Windows\system32;C:\Windows;C:\Windows\System32\Wbem;C:\Windows\System32\WindowsPowerShell\v1.0\;C:\Program Files\Microsoft SQL Server\Client SDK\ODBC\110\Tools\Binn\;C:\Program Files (x86)\Microsoft SQL Server\120\Tools\Binn\;C:\Program Files\Microsoft SQL Server\120\Tools\Binn\;C:\Program Files\Microsoft SQL Server\120\DTS\Binn\;C:\Program Files (x86)\Microsoft SQL Server\120\Tools\Binn\ManagementStudio\;C:\Program Files (x86)\Microsoft SQL Server\120\DTS\Binn\;C:\Program Files\ibm\gsk8\lib64;C:\Program Files (x86)\ibm\gsk8\lib;C:\IBM\SQLLIB\BIN;C:\IBM\SQLLIB\FUNCTION;C:\IBM\SQLLIB\SAMPLES\REPL;C:\IBM\db2cmv8;C:\IBM\db2cmv8\bin;C:\IBM\db2cmv8\dll;C:\IBM\db2cmv8\inso;C:\IBM\db2cmv8\icc64\lib64;C:\IBM\SDP;
java.io.tmpdir          : C:\Users\ADMINI~1\AppData\Local\Temp\
sun.io.unicode.encoding : UnicodeLittle
user.language           : en
user.timezone           : America/New_York
user.dir                : C:\Users\Administrator\IBM\rationalsdp\workspace1\HSChangeOwnerWorklist
user.name                : Administrator
Log Config              : ?ibmcmconfig.properties

[ WARN] cmblogconfig.properties (the log configuration file) can not be found or an error was encountered while it was being read. (?ibmcmconfig.properties)

[WARN] The log will be written to the file dklog.log in the current directory: C:\Users\Administrator\IBM\rationalsdp\workspace1\HSChangeOwnerWorklist


***** Content Manager Jar File and Version Information *****
 Content Manager Jar File: C:\IBM\db2cmv8\lib\cmbsdk81.jar version: 8.5.0.600
 Content Manager Jar File: C:\IBM\db2cmv8\lib\cmbutil81.jar version: 8.5.0.600
************************************************************

[EXC]: 10/19/2018 at 18:05:03.911 GMT @ Win2012JL (10.77.144.69); com.ibm.mm.sdk.common.DKUsageError # com.ibm.mm.sdk.logtool.DKLogManagerFactory_default
[USR]: Administrator (C:\Users\Administrator) @ C:\Users\Administrator\IBM\rationalsdp\workspace1\HSChangeOwnerWorklist
[THD]: main ( 72c072c )
[THG]: main = { Attach API wait loop, Signal Dispatcher, main }
[LOC]: com.ibm.mm.sdk.server.DKDatastoreICM:listDataSources
[MSG]: DGL7336A: Using the FileReader class, the Content Manager cmbicmsrvs.ini file was not found. The detail error message is: cmbicmsrvs.ini (The system cannot find the file specified.)
	at com.ibm.mm.sdk.server.DKDatastoreICM.listDataSources(DKDatastoreICM.java:8721)
	at com.ibm.mm.sdk.server.DKDatastoreICM.getServerDef(DKDatastoreICM.java:13773)
	at com.ibm.mm.sdk.server.DKDatastoreICM.connect(DKDatastoreICM.java:3008)
	at com.ibm.mm.sdk.common.DKDatastorePool._createNewConnection(DKDatastorePool.java:1096)
	at com.ibm.mm.sdk.common.DKDatastorePool.access$000(DKDatastorePool.java:253)
	at com.ibm.mm.sdk.common.DKDatastorePool$DatastorePooledObjectManager.create(DKDatastorePool.java:1235)
	at com.ibm.mm.sdk.internal.PSimplePool._createPooledObject(PSimplePool.java:849)
	at com.ibm.mm.sdk.internal.PSimplePool.reserve(PSimplePool.java:552)
	at com.ibm.mm.sdk.common.DKDatastorePool.initConnections(DKDatastorePool.java:852)
	at ICMConnectionPool.getConnection(ICMConnectionPool.java:35)
	at HSChangeOwnerWL.monitorMyWorkList(HSChangeOwnerWL.java:38)
	at HSChangeOwnerWL.HSChangeOwnerWL(HSChangeOwnerWL.java:27)
	at HSChangeOwnerWL.<init>(HSChangeOwnerWL.java:23)
	at HSChangeOwnerWL.main(HSChangeOwnerWL.java:199)



[EXC]: 10/19/2018 at 18:05:03.911 GMT @ Win2012JL (10.77.144.69); com.ibm.mm.sdk.common.DKUsageError # com.ibm.mm.sdk.logtool.DKLogManagerFactory_default
[USR]: Administrator (C:\Users\Administrator) @ C:\Users\Administrator\IBM\rationalsdp\workspace1\HSChangeOwnerWorklist
[THD]: main ( 72c072c )
[THG]: main = { Attach API wait loop, Signal Dispatcher, main }
[LOC]: com.ibm.mm.sdk.server.DKDatastoreICM:connect
[MSG]: DGL7332A: Library server representation type was not found. Please make sure that a valid library server and representation type has been specified in the cmbicmsrvs.ini file or to the Content Manager connector. : Win2012JL
	at com.ibm.mm.sdk.server.DKDatastoreICM.connect(DKDatastoreICM.java:3455)
	at com.ibm.mm.sdk.common.DKDatastorePool._createNewConnection(DKDatastorePool.java:1096)
	at com.ibm.mm.sdk.common.DKDatastorePool.access$000(DKDatastorePool.java:253)
	at com.ibm.mm.sdk.common.DKDatastorePool$DatastorePooledObjectManager.create(DKDatastorePool.java:1235)
	at com.ibm.mm.sdk.internal.PSimplePool._createPooledObject(PSimplePool.java:849)
	at com.ibm.mm.sdk.internal.PSimplePool.reserve(PSimplePool.java:552)
	at com.ibm.mm.sdk.common.DKDatastorePool.initConnections(DKDatastorePool.java:852)
	at ICMConnectionPool.getConnection(ICMConnectionPool.java:35)
	at HSChangeOwnerWL.monitorMyWorkList(HSChangeOwnerWL.java:38)
	at HSChangeOwnerWL.HSChangeOwnerWL(HSChangeOwnerWL.java:27)
	at HSChangeOwnerWL.<init>(HSChangeOwnerWL.java:23)
	at HSChangeOwnerWL.main(HSChangeOwnerWL.java:199)



[ERR]: 10/19/2018 at 18:05:03.911 GMT @ Win2012JL (10.77.144.69);  # com.ibm.mm.sdk.server.DKDatastoreICM
[USR]: Administrator (C:\Users\Administrator) @ C:\Users\Administrator\IBM\rationalsdp\workspace1\HSChangeOwnerWorklist
[THD]: main ( 72c072c )
[THG]: main = { Attach API wait loop, Signal Dispatcher, main }
[LOC]: com.ibm.mm.sdk.server.DKDatastoreICM:connect
[MSG]: ?--?-    ERROR:  The connect() operation has failed.  Before exiting the DKDatastoreICM.connect() operation, state changes will be rolled back.  Error caught: "DGL7332A: Library server representation type was not found. Please make sure that a valid library server and representation type has been specified in the cmbicmsrvs.ini file or to the Content Manager connector. : Win2012JL"


[ERR]: 10/19/2018 at 18:05:03.911 GMT @ Win2012JL (10.77.144.69);  # com.ibm.mm.sdk.server.DKDatastoreICM
[USR]: Administrator (C:\Users\Administrator) @ C:\Users\Administrator\IBM\rationalsdp\workspace1\HSChangeOwnerWorklist
[THD]: main ( 72c072c )
[THG]: main = { Attach API wait loop, Signal Dispatcher, main }
[LOC]: com.ibm.mm.sdk.server.DKDatastoreICM:connect
[MSG]: ?--?-com.ibm.mm.sdk.common.DKUsageError: DGL7332A: Library server representation type was not found. Please make sure that a valid library server and representation type has been specified in the cmbicmsrvs.ini file or to the Content Manager connector. : Win2012JL
	at com.ibm.mm.sdk.server.DKDatastoreICM.connect(DKDatastoreICM.java:3455)
	at com.ibm.mm.sdk.common.DKDatastorePool._createNewConnection(DKDatastorePool.java:1096)
	at com.ibm.mm.sdk.common.DKDatastorePool.access$000(DKDatastorePool.java:253)
	at com.ibm.mm.sdk.common.DKDatastorePool$DatastorePooledObjectManager.create(DKDatastorePool.java:1235)
	at com.ibm.mm.sdk.internal.PSimplePool._createPooledObject(PSimplePool.java:849)
	at com.ibm.mm.sdk.internal.PSimplePool.reserve(PSimplePool.java:552)
	at com.ibm.mm.sdk.common.DKDatastorePool.initConnections(DKDatastorePool.java:852)
	at ICMConnectionPool.getConnection(ICMConnectionPool.java:35)
	at HSChangeOwnerWL.monitorMyWorkList(HSChangeOwnerWL.java:38)
	at HSChangeOwnerWL.HSChangeOwnerWL(HSChangeOwnerWL.java:27)
	at HSChangeOwnerWL.<init>(HSChangeOwnerWL.java:23)
	at HSChangeOwnerWL.main(HSChangeOwnerWL.java:199)



[ERR]: 10/19/2018 at 18:05:03.911 GMT @ Win2012JL (10.77.144.69);  # com.ibm.mm.sdk.common.DKDatastorePool
[USR]: Administrator (C:\Users\Administrator) @ C:\Users\Administrator\IBM\rationalsdp\workspace1\HSChangeOwnerWorklist
[THD]: main ( 72c072c )
[THG]: main = { Attach API wait loop, Signal Dispatcher, main }
[LOC]: com.ibm.mm.sdk.common.DKDatastorePool:returnConnection
[MSG]: DKDatastorePool::returnConnection: An attempt was made to return a datastore to the pool after the datastore has been disconnected.  This is not allowed  poolId: 2


[EXC]: 10/19/2018 at 18:05:03.927 GMT @ Win2012JL (10.77.144.69); com.ibm.mm.sdk.common.DKUsageError # com.ibm.mm.sdk.logtool.DKLogManagerFactory_default
[USR]: Administrator (C:\Users\Administrator) @ C:\Users\Administrator\IBM\rationalsdp\workspace1\HSChangeOwnerWorklist
[THD]: main ( 72c072c )
[THG]: main = { Attach API wait loop, Signal Dispatcher, main }
[LOC]: com.ibm.mm.sdk.internal.PSimplePool:throwUsageError
[MSG]: DGL0554A: Datastore does not belong to the connection pool  com.ibm.mm.sdk.internal.PSimplePool._removeFromUsedPool poolId: 2
	at com.ibm.mm.sdk.internal.PSimplePool.throwUsageError(PSimplePool.java:990)
	at com.ibm.mm.sdk.internal.PSimplePool._removeFromUsedPool(PSimplePool.java:815)
	at com.ibm.mm.sdk.internal.PSimplePool.remove(PSimplePool.java:467)
	at com.ibm.mm.sdk.common.DKDatastorePool.returnConnection(DKDatastorePool.java:809)
	at ICMConnectionPool.returnConnection(ICMConnectionPool.java:53)
	at HSChangeOwnerWL.monitorMyWorkList(HSChangeOwnerWL.java:190)
	at HSChangeOwnerWL.HSChangeOwnerWL(HSChangeOwnerWL.java:27)
	at HSChangeOwnerWL.<init>(HSChangeOwnerWL.java:23)
	at HSChangeOwnerWL.main(HSChangeOwnerWL.java:199)



[EXC]: 10/19/2018 at 18:05:03.927 GMT @ Win2012JL (10.77.144.69); com.ibm.mm.sdk.common.DKUsageError # com.ibm.mm.sdk.logtool.DKLogManagerFactory_default
[USR]: Administrator (C:\Users\Administrator) @ C:\Users\Administrator\IBM\rationalsdp\workspace1\HSChangeOwnerWorklist
[THD]: main ( 72c072c )
[THG]: main = { Attach API wait loop, Signal Dispatcher, main }
[LOC]: com.ibm.mm.sdk.common.DKDatastorePool:throwUsageError
[MSG]: DGL0391A: No connection to datastorecom.ibm.mm.sdk.common.DKDatastorePool.returnConnection
	at com.ibm.mm.sdk.common.DKDatastorePool.throwUsageError(DKDatastorePool.java:1183)
	at com.ibm.mm.sdk.common.DKDatastorePool.returnConnection(DKDatastorePool.java:812)
	at ICMConnectionPool.returnConnection(ICMConnectionPool.java:53)
	at HSChangeOwnerWL.monitorMyWorkList(HSChangeOwnerWL.java:190)
	at HSChangeOwnerWL.HSChangeOwnerWL(HSChangeOwnerWL.java:27)
	at HSChangeOwnerWL.<init>(HSChangeOwnerWL.java:23)
	at HSChangeOwnerWL.main(HSChangeOwnerWL.java:199)


>>>>> Java connector logging started 10/19/2018 at 18:36:35.415 GMT

CODEBASE                : cm85 37_850006     Thu Nov 17 15:50:14 PST 2016 
OS version              : Windows Server 2008 6.2 build 9200
java.vm                 : IBM Corporation, IBM J9 VM, version 1.6.0
java.home               : C:\IBM\SDP\jdk\jre
sun.boot.class.path     : C:\IBM\SDP\jdk\jre\lib\endorsed\jaxws-api.jar;C:\IBM\SDP\jdk\jre\lib\endorsed\jaxb-api.jar;C:\IBM\SDP\jdk\jre\lib\endorsed\javax.j2ee.annotation.jar;C:\IBM\SDP\jdk\jre\lib\vm.jar;C:\IBM\SDP\jdk\jre\lib\annotation.jar;C:\IBM\SDP\jdk\jre\lib\beans.jar;C:\IBM\SDP\jdk\jre\lib\java.util.jar;C:\IBM\SDP\jdk\jre\lib\jndi.jar;C:\IBM\SDP\jdk\jre\lib\logging.jar;C:\IBM\SDP\jdk\jre\lib\security.jar;C:\IBM\SDP\jdk\jre\lib\sql.jar;C:\IBM\SDP\jdk\jre\lib\ibmorb.jar;C:\IBM\SDP\jdk\jre\lib\ibmorbapi.jar;C:\IBM\SDP\jdk\jre\lib\ibmcfw.jar;C:\IBM\SDP\jdk\jre\lib\rt.jar;C:\IBM\SDP\jdk\jre\lib\charsets.jar;C:\IBM\SDP\jdk\jre\lib\resources.jar;C:\IBM\SDP\jdk\jre\lib\ibmpkcs.jar;C:\IBM\SDP\jdk\jre\lib\ibmcertpathfw.jar;C:\IBM\SDP\jdk\jre\lib\ibmjgssfw.jar;C:\IBM\SDP\jdk\jre\lib\ibmjssefw.jar;C:\IBM\SDP\jdk\jre\lib\ibmsaslfw.jar;C:\IBM\SDP\jdk\jre\lib\ibmjcefw.jar;C:\IBM\SDP\jdk\jre\lib\ibmjgssprovider.jar;C:\IBM\SDP\jdk\jre\lib\ibmjsseprovider2.jar;C:\IBM\SDP\jdk\jre\lib\ibmcertpathprovider.jar;C:\IBM\SDP\jdk\jre\lib\ibmxmlcrypto.jar;C:\IBM\SDP\jdk\jre\lib\management-agent.jar;C:\IBM\SDP\jdk\jre\lib\xml.jar;C:\IBM\SDP\jdk\jre\lib\jlm.jar;C:\IBM\SDP\jdk\jre\lib\javascript.jar
java.ext.dir            : null
java.classpath          : C:\Users\Administrator\IBM\rationalsdp\workspace1\HSChangeOwnerWorklist\WebContent\WEB-INF\classes;C:\IBM\db2cmv8\lib\cmbsdk81.jar;C:\IBM\db2cmv8\lib\cmbutil81.jar;C:\IBM\WebSphere\AppServer\plugins\com.ibm.ws.wccm.jar;C:\IBM\WebSphere\AppServer\plugins\com.ibm.ws.emf.jar;C:\IBM\WebSphere\AppServer\dev\JavaEE\6.0\j2ee.jar;C:\IBM\WebSphere\AppServer\lib\mail-impl.jar;C:\IBM\WebSphere\AppServer\plugins\com.ibm.ws.runtime.jar;C:\IBM\WebSphere\AppServer\plugins\com.ibm.ws.admin.core.jar;C:\IBM\WebSphere\AppServer\plugins\com.ibm.ws.admin.services.jar;C:\IBM\WebSphere\AppServer\plugins\com.ibm.ws.portletcontainer.jar;C:\IBM\WebSphere\AppServer\lib\bootstrap.jar;C:\IBM\WebSphere\AppServer\plugins\com.ibm.ws.sib.server.jar;C:\IBM\WebSphere\AppServer\plugins\com.ibm.ws.sip.container.jar;C:\IBM\WebSphere\AppServer\plugins\com.ibm.ws.sip.interface.jar;C:\IBM\WebSphere\AppServer\plugins\com.ibm.ws.jsf.myfaces.jar;C:\IBM\WebSphere\AppServer\plugins\com.ibm.ws.webcontainer.jar;C:\IBM\WebSphere\AppServer\plugins\com.ibm.ws.wsadie\marshall.jar;C:\IBM\WebSphere\AppServer\lib\ffdcSupport.jar;C:\IBM\WebSphere\AppServer\plugins\com.ibm.ws.wsadie\wsatlib.jar;C:\IBM\WebSphere\AppServer\plugins\com.ibm.ws.runtime.dist.jar;C:\IBM\WebSphere\AppServer\installedConnectors\wmq.jmsra.rar\com.ibm.mq.jar;C:\IBM\WebSphere\AppServer\installedConnectors\wmq.jmsra.rar\com.ibm.mq.headers.jar;C:\IBM\WebSphere\AppServer\installedConnectors\wmq.jmsra.rar\com.ibm.mq.pcf.jar;C:\IBM\WebSphere\AppServer\installedConnectors\wmq.jmsra.rar\com.ibm.mq.jmqi.jar;C:\IBM\WebSphere\AppServer\installedConnectors\wmq.jmsra.rar\com.ibm.mq.connector.jar;C:\IBM\WebSphere\AppServer\plugins\org.eclipse.emf.common.jar;C:\IBM\WebSphere\AppServer\plugins\org.eclipse.emf.commonj.sdo.jar;C:\IBM\WebSphere\AppServer\plugins\org.eclipse.emf.ecore.change.jar;C:\IBM\WebSphere\AppServer\plugins\org.eclipse.emf.ecore.sdo.jar;C:\IBM\WebSphere\AppServer\plugins\org.eclipse.emf.ecore.xmi.jar;C:\IBM\WebSphere\AppServer\plugins\org.eclipse.emf.ecore.jar;C:\IBM\WebSphere\AppServer\plugins\com.ibm.ws.prereq.wsdl4j.jar;C:\IBM\WebSphere\AppServer\plugins\com.ibm.wsfp.main.jar;C:\IBM\WebSphere\AppServer\plugins\com.ibm.ws.prereq.jackson.jar;C:\IBM\WebSphere\AppServer\plugins\com.ibm.ws.prereq.vajava.jar;C:\IBM\WebSphere\AppServer\lib\rsadbutils.jar;C:\IBM\WebSphere\AppServer\plugins\com.ibm.ws.prereq.commonj-twm.jar;C:\IBM\WebSphere\AppServer\plugins\com.ibm.ws.prereq.soap.jar;C:\IBM\WebSphere\AppServer\plugins\org.apache.tuscany.sca.api.jar;C:\IBM\WebSphere\AppServer\dev\sca\1.0\sca_api.jar;C:\IBM\WebSphere\AppServer\dev\xml\xmlapi.jar;C:\IBM\WebSphere\AppServer\plugins\com.ibm.ws.batch.runtime.jar;C:\IBM\WebSphere\AppServer\tivoli\tam\PD.jar;C:\IBM\WebSphere\AppServer\installedConnectors\wmq.jmsra.rar\com.ibm.mqjms.jar
sun.boot.library.path   : C:\IBM\SDP\jdk\jre\bin
java.library.path       : C:\IBM\SDP\jdk\jre\bin;.;C:/IBM/SDP//jdk/jre/bin/j9vm;C:/IBM/SDP//jdk/jre/bin;C:/IBM/SDP//jdk/jre/lib/i386;C:\IBM\db2cmv8\Client\;C:\ProgramData\Oracle\Java\javapath;C:\Windows\system32;C:\Windows;C:\Windows\System32\Wbem;C:\Windows\System32\WindowsPowerShell\v1.0\;C:\Program Files\Microsoft SQL Server\Client SDK\ODBC\110\Tools\Binn\;C:\Program Files (x86)\Microsoft SQL Server\120\Tools\Binn\;C:\Program Files\Microsoft SQL Server\120\Tools\Binn\;C:\Program Files\Microsoft SQL Server\120\DTS\Binn\;C:\Program Files (x86)\Microsoft SQL Server\120\Tools\Binn\ManagementStudio\;C:\Program Files (x86)\Microsoft SQL Server\120\DTS\Binn\;C:\Program Files\ibm\gsk8\lib64;C:\Program Files (x86)\ibm\gsk8\lib;C:\IBM\SQLLIB\BIN;C:\IBM\SQLLIB\FUNCTION;C:\IBM\SQLLIB\SAMPLES\REPL;C:\IBM\db2cmv8;C:\IBM\db2cmv8\bin;C:\IBM\db2cmv8\dll;C:\IBM\db2cmv8\inso;C:\IBM\db2cmv8\icc64\lib64;C:\IBM\SDP;
java.io.tmpdir          : C:\Users\ADMINI~1\AppData\Local\Temp\
sun.io.unicode.encoding : UnicodeLittle
user.language           : en
user.timezone           : America/New_York
user.dir                : C:\Users\Administrator\IBM\rationalsdp\workspace1\HSChangeOwnerWorklist
user.name                : Administrator
Log Config              : ?ibmcmconfig.properties

[ WARN] cmblogconfig.properties (the log configuration file) can not be found or an error was encountered while it was being read. (?ibmcmconfig.properties)

[WARN] The log will be written to the file dklog.log in the current directory: C:\Users\Administrator\IBM\rationalsdp\workspace1\HSChangeOwnerWorklist


***** Content Manager Jar File and Version Information *****
 Content Manager Jar File: C:\IBM\db2cmv8\lib\cmbsdk81.jar version: 8.5.0.600
 Content Manager Jar File: C:\IBM\db2cmv8\lib\cmbutil81.jar version: 8.5.0.600
************************************************************

[EXC]: 10/19/2018 at 18:36:35.477 GMT @ Win2012JL (10.77.144.69); com.ibm.mm.sdk.common.DKUsageError # com.ibm.mm.sdk.logtool.DKLogManagerFactory_default
[USR]: Administrator (C:\Users\Administrator) @ C:\Users\Administrator\IBM\rationalsdp\workspace1\HSChangeOwnerWorklist
[THD]: main ( 72c072c )
[THG]: main = { Attach API wait loop, Signal Dispatcher, main }
[LOC]: com.ibm.mm.sdk.server.DKDatastoreICM:listDataSources
[MSG]: DGL7336A: Using the FileReader class, the Content Manager cmbicmsrvs.ini file was not found. The detail error message is: cmbicmsrvs.ini (The system cannot find the file specified.)
	at com.ibm.mm.sdk.server.DKDatastoreICM.listDataSources(DKDatastoreICM.java:8721)
	at com.ibm.mm.sdk.server.DKDatastoreICM.getServerDef(DKDatastoreICM.java:13773)
	at com.ibm.mm.sdk.server.DKDatastoreICM.connect(DKDatastoreICM.java:3008)
	at com.ibm.mm.sdk.common.DKDatastorePool._createNewConnection(DKDatastorePool.java:1096)
	at com.ibm.mm.sdk.common.DKDatastorePool.access$000(DKDatastorePool.java:253)
	at com.ibm.mm.sdk.common.DKDatastorePool$DatastorePooledObjectManager.create(DKDatastorePool.java:1235)
	at com.ibm.mm.sdk.internal.PSimplePool._createPooledObject(PSimplePool.java:849)
	at com.ibm.mm.sdk.internal.PSimplePool.reserve(PSimplePool.java:552)
	at com.ibm.mm.sdk.common.DKDatastorePool.initConnections(DKDatastorePool.java:852)
	at ICMConnectionPool.getConnection(ICMConnectionPool.java:35)
	at HSChangeOwnerWL.monitorMyWorkList(HSChangeOwnerWL.java:38)
	at HSChangeOwnerWL.HSChangeOwnerWL(HSChangeOwnerWL.java:27)
	at HSChangeOwnerWL.<init>(HSChangeOwnerWL.java:23)
	at HSChangeOwnerWL.main(HSChangeOwnerWL.java:221)



[EXC]: 10/19/2018 at 18:36:35.493 GMT @ Win2012JL (10.77.144.69); com.ibm.mm.sdk.common.DKUsageError # com.ibm.mm.sdk.logtool.DKLogManagerFactory_default
[USR]: Administrator (C:\Users\Administrator) @ C:\Users\Administrator\IBM\rationalsdp\workspace1\HSChangeOwnerWorklist
[THD]: main ( 72c072c )
[THG]: main = { Attach API wait loop, Signal Dispatcher, main }
[LOC]: com.ibm.mm.sdk.server.DKDatastoreICM:connect
[MSG]: DGL7332A: Library server representation type was not found. Please make sure that a valid library server and representation type has been specified in the cmbicmsrvs.ini file or to the Content Manager connector. : icmnlsdb
	at com.ibm.mm.sdk.server.DKDatastoreICM.connect(DKDatastoreICM.java:3455)
	at com.ibm.mm.sdk.common.DKDatastorePool._createNewConnection(DKDatastorePool.java:1096)
	at com.ibm.mm.sdk.common.DKDatastorePool.access$000(DKDatastorePool.java:253)
	at com.ibm.mm.sdk.common.DKDatastorePool$DatastorePooledObjectManager.create(DKDatastorePool.java:1235)
	at com.ibm.mm.sdk.internal.PSimplePool._createPooledObject(PSimplePool.java:849)
	at com.ibm.mm.sdk.internal.PSimplePool.reserve(PSimplePool.java:552)
	at com.ibm.mm.sdk.common.DKDatastorePool.initConnections(DKDatastorePool.java:852)
	at ICMConnectionPool.getConnection(ICMConnectionPool.java:35)
	at HSChangeOwnerWL.monitorMyWorkList(HSChangeOwnerWL.java:38)
	at HSChangeOwnerWL.HSChangeOwnerWL(HSChangeOwnerWL.java:27)
	at HSChangeOwnerWL.<init>(HSChangeOwnerWL.java:23)
	at HSChangeOwnerWL.main(HSChangeOwnerWL.java:221)



[ERR]: 10/19/2018 at 18:36:35.493 GMT @ Win2012JL (10.77.144.69);  # com.ibm.mm.sdk.server.DKDatastoreICM
[USR]: Administrator (C:\Users\Administrator) @ C:\Users\Administrator\IBM\rationalsdp\workspace1\HSChangeOwnerWorklist
[THD]: main ( 72c072c )
[THG]: main = { Attach API wait loop, Signal Dispatcher, main }
[LOC]: com.ibm.mm.sdk.server.DKDatastoreICM:connect
[MSG]: ?--?-    ERROR:  The connect() operation has failed.  Before exiting the DKDatastoreICM.connect() operation, state changes will be rolled back.  Error caught: "DGL7332A: Library server representation type was not found. Please make sure that a valid library server and representation type has been specified in the cmbicmsrvs.ini file or to the Content Manager connector. : icmnlsdb"


[ERR]: 10/19/2018 at 18:36:35.493 GMT @ Win2012JL (10.77.144.69);  # com.ibm.mm.sdk.server.DKDatastoreICM
[USR]: Administrator (C:\Users\Administrator) @ C:\Users\Administrator\IBM\rationalsdp\workspace1\HSChangeOwnerWorklist
[THD]: main ( 72c072c )
[THG]: main = { Attach API wait loop, Signal Dispatcher, main }
[LOC]: com.ibm.mm.sdk.server.DKDatastoreICM:connect
[MSG]: ?--?-com.ibm.mm.sdk.common.DKUsageError: DGL7332A: Library server representation type was not found. Please make sure that a valid library server and representation type has been specified in the cmbicmsrvs.ini file or to the Content Manager connector. : icmnlsdb
	at com.ibm.mm.sdk.server.DKDatastoreICM.connect(DKDatastoreICM.java:3455)
	at com.ibm.mm.sdk.common.DKDatastorePool._createNewConnection(DKDatastorePool.java:1096)
	at com.ibm.mm.sdk.common.DKDatastorePool.access$000(DKDatastorePool.java:253)
	at com.ibm.mm.sdk.common.DKDatastorePool$DatastorePooledObjectManager.create(DKDatastorePool.java:1235)
	at com.ibm.mm.sdk.internal.PSimplePool._createPooledObject(PSimplePool.java:849)
	at com.ibm.mm.sdk.internal.PSimplePool.reserve(PSimplePool.java:552)
	at com.ibm.mm.sdk.common.DKDatastorePool.initConnections(DKDatastorePool.java:852)
	at ICMConnectionPool.getConnection(ICMConnectionPool.java:35)
	at HSChangeOwnerWL.monitorMyWorkList(HSChangeOwnerWL.java:38)
	at HSChangeOwnerWL.HSChangeOwnerWL(HSChangeOwnerWL.java:27)
	at HSChangeOwnerWL.<init>(HSChangeOwnerWL.java:23)
	at HSChangeOwnerWL.main(HSChangeOwnerWL.java:221)



[ERR]: 10/19/2018 at 18:36:35.493 GMT @ Win2012JL (10.77.144.69);  # com.ibm.mm.sdk.common.DKDatastorePool
[USR]: Administrator (C:\Users\Administrator) @ C:\Users\Administrator\IBM\rationalsdp\workspace1\HSChangeOwnerWorklist
[THD]: main ( 72c072c )
[THG]: main = { Attach API wait loop, Signal Dispatcher, main }
[LOC]: com.ibm.mm.sdk.common.DKDatastorePool:returnConnection
[MSG]: DKDatastorePool::returnConnection: An attempt was made to return a datastore to the pool after the datastore has been disconnected.  This is not allowed  poolId: 2


[EXC]: 10/19/2018 at 18:36:35.509 GMT @ Win2012JL (10.77.144.69); com.ibm.mm.sdk.common.DKUsageError # com.ibm.mm.sdk.logtool.DKLogManagerFactory_default
[USR]: Administrator (C:\Users\Administrator) @ C:\Users\Administrator\IBM\rationalsdp\workspace1\HSChangeOwnerWorklist
[THD]: main ( 72c072c )
[THG]: main = { Attach API wait loop, Signal Dispatcher, main }
[LOC]: com.ibm.mm.sdk.internal.PSimplePool:throwUsageError
[MSG]: DGL0554A: Datastore does not belong to the connection pool  com.ibm.mm.sdk.internal.PSimplePool._removeFromUsedPool poolId: 2
	at com.ibm.mm.sdk.internal.PSimplePool.throwUsageError(PSimplePool.java:990)
	at com.ibm.mm.sdk.internal.PSimplePool._removeFromUsedPool(PSimplePool.java:815)
	at com.ibm.mm.sdk.internal.PSimplePool.remove(PSimplePool.java:467)
	at com.ibm.mm.sdk.common.DKDatastorePool.returnConnection(DKDatastorePool.java:809)
	at ICMConnectionPool.returnConnection(ICMConnectionPool.java:53)
	at HSChangeOwnerWL.monitorMyWorkList(HSChangeOwnerWL.java:212)
	at HSChangeOwnerWL.HSChangeOwnerWL(HSChangeOwnerWL.java:27)
	at HSChangeOwnerWL.<init>(HSChangeOwnerWL.java:23)
	at HSChangeOwnerWL.main(HSChangeOwnerWL.java:221)



[EXC]: 10/19/2018 at 18:36:35.509 GMT @ Win2012JL (10.77.144.69); com.ibm.mm.sdk.common.DKUsageError # com.ibm.mm.sdk.logtool.DKLogManagerFactory_default
[USR]: Administrator (C:\Users\Administrator) @ C:\Users\Administrator\IBM\rationalsdp\workspace1\HSChangeOwnerWorklist
[THD]: main ( 72c072c )
[THG]: main = { Attach API wait loop, Signal Dispatcher, main }
[LOC]: com.ibm.mm.sdk.common.DKDatastorePool:throwUsageError
[MSG]: DGL0391A: No connection to datastorecom.ibm.mm.sdk.common.DKDatastorePool.returnConnection
	at com.ibm.mm.sdk.common.DKDatastorePool.throwUsageError(DKDatastorePool.java:1183)
	at com.ibm.mm.sdk.common.DKDatastorePool.returnConnection(DKDatastorePool.java:812)
	at ICMConnectionPool.returnConnection(ICMConnectionPool.java:53)
	at HSChangeOwnerWL.monitorMyWorkList(HSChangeOwnerWL.java:212)
	at HSChangeOwnerWL.HSChangeOwnerWL(HSChangeOwnerWL.java:27)
	at HSChangeOwnerWL.<init>(HSChangeOwnerWL.java:23)
	at HSChangeOwnerWL.main(HSChangeOwnerWL.java:221)


>>>>> Java connector logging started 10/19/2018 at 18:40:48.400 GMT

CODEBASE                : cm85 37_850006     Thu Nov 17 15:50:14 PST 2016 
OS version              : Windows Server 2008 6.2 build 9200
java.vm                 : IBM Corporation, IBM J9 VM, version 1.6.0
java.home               : C:\IBM\SDP\jdk\jre
sun.boot.class.path     : C:\IBM\SDP\jdk\jre\lib\endorsed\jaxws-api.jar;C:\IBM\SDP\jdk\jre\lib\endorsed\jaxb-api.jar;C:\IBM\SDP\jdk\jre\lib\endorsed\javax.j2ee.annotation.jar;C:\IBM\SDP\jdk\jre\lib\vm.jar;C:\IBM\SDP\jdk\jre\lib\annotation.jar;C:\IBM\SDP\jdk\jre\lib\beans.jar;C:\IBM\SDP\jdk\jre\lib\java.util.jar;C:\IBM\SDP\jdk\jre\lib\jndi.jar;C:\IBM\SDP\jdk\jre\lib\logging.jar;C:\IBM\SDP\jdk\jre\lib\security.jar;C:\IBM\SDP\jdk\jre\lib\sql.jar;C:\IBM\SDP\jdk\jre\lib\ibmorb.jar;C:\IBM\SDP\jdk\jre\lib\ibmorbapi.jar;C:\IBM\SDP\jdk\jre\lib\ibmcfw.jar;C:\IBM\SDP\jdk\jre\lib\rt.jar;C:\IBM\SDP\jdk\jre\lib\charsets.jar;C:\IBM\SDP\jdk\jre\lib\resources.jar;C:\IBM\SDP\jdk\jre\lib\ibmpkcs.jar;C:\IBM\SDP\jdk\jre\lib\ibmcertpathfw.jar;C:\IBM\SDP\jdk\jre\lib\ibmjgssfw.jar;C:\IBM\SDP\jdk\jre\lib\ibmjssefw.jar;C:\IBM\SDP\jdk\jre\lib\ibmsaslfw.jar;C:\IBM\SDP\jdk\jre\lib\ibmjcefw.jar;C:\IBM\SDP\jdk\jre\lib\ibmjgssprovider.jar;C:\IBM\SDP\jdk\jre\lib\ibmjsseprovider2.jar;C:\IBM\SDP\jdk\jre\lib\ibmcertpathprovider.jar;C:\IBM\SDP\jdk\jre\lib\ibmxmlcrypto.jar;C:\IBM\SDP\jdk\jre\lib\management-agent.jar;C:\IBM\SDP\jdk\jre\lib\xml.jar;C:\IBM\SDP\jdk\jre\lib\jlm.jar;C:\IBM\SDP\jdk\jre\lib\javascript.jar
java.ext.dir            : null
java.classpath          : C:\Users\Administrator\IBM\rationalsdp\workspace1\HSChangeOwnerWorklist\WebContent\WEB-INF\classes;C:\IBM\db2cmv8\lib\cmbsdk81.jar;C:\IBM\db2cmv8\lib\cmbutil81.jar;C:\IBM\WebSphere\AppServer\plugins\com.ibm.ws.wccm.jar;C:\IBM\WebSphere\AppServer\plugins\com.ibm.ws.emf.jar;C:\IBM\WebSphere\AppServer\dev\JavaEE\6.0\j2ee.jar;C:\IBM\WebSphere\AppServer\lib\mail-impl.jar;C:\IBM\WebSphere\AppServer\plugins\com.ibm.ws.runtime.jar;C:\IBM\WebSphere\AppServer\plugins\com.ibm.ws.admin.core.jar;C:\IBM\WebSphere\AppServer\plugins\com.ibm.ws.admin.services.jar;C:\IBM\WebSphere\AppServer\plugins\com.ibm.ws.portletcontainer.jar;C:\IBM\WebSphere\AppServer\lib\bootstrap.jar;C:\IBM\WebSphere\AppServer\plugins\com.ibm.ws.sib.server.jar;C:\IBM\WebSphere\AppServer\plugins\com.ibm.ws.sip.container.jar;C:\IBM\WebSphere\AppServer\plugins\com.ibm.ws.sip.interface.jar;C:\IBM\WebSphere\AppServer\plugins\com.ibm.ws.jsf.myfaces.jar;C:\IBM\WebSphere\AppServer\plugins\com.ibm.ws.webcontainer.jar;C:\IBM\WebSphere\AppServer\plugins\com.ibm.ws.wsadie\marshall.jar;C:\IBM\WebSphere\AppServer\lib\ffdcSupport.jar;C:\IBM\WebSphere\AppServer\plugins\com.ibm.ws.wsadie\wsatlib.jar;C:\IBM\WebSphere\AppServer\plugins\com.ibm.ws.runtime.dist.jar;C:\IBM\WebSphere\AppServer\installedConnectors\wmq.jmsra.rar\com.ibm.mq.jar;C:\IBM\WebSphere\AppServer\installedConnectors\wmq.jmsra.rar\com.ibm.mq.headers.jar;C:\IBM\WebSphere\AppServer\installedConnectors\wmq.jmsra.rar\com.ibm.mq.pcf.jar;C:\IBM\WebSphere\AppServer\installedConnectors\wmq.jmsra.rar\com.ibm.mq.jmqi.jar;C:\IBM\WebSphere\AppServer\installedConnectors\wmq.jmsra.rar\com.ibm.mq.connector.jar;C:\IBM\WebSphere\AppServer\plugins\org.eclipse.emf.common.jar;C:\IBM\WebSphere\AppServer\plugins\org.eclipse.emf.commonj.sdo.jar;C:\IBM\WebSphere\AppServer\plugins\org.eclipse.emf.ecore.change.jar;C:\IBM\WebSphere\AppServer\plugins\org.eclipse.emf.ecore.sdo.jar;C:\IBM\WebSphere\AppServer\plugins\org.eclipse.emf.ecore.xmi.jar;C:\IBM\WebSphere\AppServer\plugins\org.eclipse.emf.ecore.jar;C:\IBM\WebSphere\AppServer\plugins\com.ibm.ws.prereq.wsdl4j.jar;C:\IBM\WebSphere\AppServer\plugins\com.ibm.wsfp.main.jar;C:\IBM\WebSphere\AppServer\plugins\com.ibm.ws.prereq.jackson.jar;C:\IBM\WebSphere\AppServer\plugins\com.ibm.ws.prereq.vajava.jar;C:\IBM\WebSphere\AppServer\lib\rsadbutils.jar;C:\IBM\WebSphere\AppServer\plugins\com.ibm.ws.prereq.commonj-twm.jar;C:\IBM\WebSphere\AppServer\plugins\com.ibm.ws.prereq.soap.jar;C:\IBM\WebSphere\AppServer\plugins\org.apache.tuscany.sca.api.jar;C:\IBM\WebSphere\AppServer\dev\sca\1.0\sca_api.jar;C:\IBM\WebSphere\AppServer\dev\xml\xmlapi.jar;C:\IBM\WebSphere\AppServer\plugins\com.ibm.ws.batch.runtime.jar;C:\IBM\WebSphere\AppServer\tivoli\tam\PD.jar;C:\IBM\WebSphere\AppServer\installedConnectors\wmq.jmsra.rar\com.ibm.mqjms.jar
sun.boot.library.path   : C:\IBM\SDP\jdk\jre\bin
java.library.path       : C:\IBM\SDP\jdk\jre\bin;.;C:/IBM/SDP//jdk/jre/bin/j9vm;C:/IBM/SDP//jdk/jre/bin;C:/IBM/SDP//jdk/jre/lib/i386;C:\IBM\db2cmv8\Client\;C:\ProgramData\Oracle\Java\javapath;C:\Windows\system32;C:\Windows;C:\Windows\System32\Wbem;C:\Windows\System32\WindowsPowerShell\v1.0\;C:\Program Files\Microsoft SQL Server\Client SDK\ODBC\110\Tools\Binn\;C:\Program Files (x86)\Microsoft SQL Server\120\Tools\Binn\;C:\Program Files\Microsoft SQL Server\120\Tools\Binn\;C:\Program Files\Microsoft SQL Server\120\DTS\Binn\;C:\Program Files (x86)\Microsoft SQL Server\120\Tools\Binn\ManagementStudio\;C:\Program Files (x86)\Microsoft SQL Server\120\DTS\Binn\;C:\Program Files\ibm\gsk8\lib64;C:\Program Files (x86)\ibm\gsk8\lib;C:\IBM\SQLLIB\BIN;C:\IBM\SQLLIB\FUNCTION;C:\IBM\SQLLIB\SAMPLES\REPL;C:\IBM\db2cmv8;C:\IBM\db2cmv8\bin;C:\IBM\db2cmv8\dll;C:\IBM\db2cmv8\inso;C:\IBM\db2cmv8\icc64\lib64;C:\IBM\SDP;
java.io.tmpdir          : C:\Users\ADMINI~1\AppData\Local\Temp\
sun.io.unicode.encoding : UnicodeLittle
user.language           : en
user.timezone           : America/New_York
user.dir                : C:\Users\Administrator\IBM\rationalsdp\workspace1\HSChangeOwnerWorklist
user.name                : Administrator
Log Config              : ?ibmcmconfig.properties

[ WARN] cmblogconfig.properties (the log configuration file) can not be found or an error was encountered while it was being read. (?ibmcmconfig.properties)

[WARN] The log will be written to the file dklog.log in the current directory: C:\Users\Administrator\IBM\rationalsdp\workspace1\HSChangeOwnerWorklist


***** Content Manager Jar File and Version Information *****
 Content Manager Jar File: C:\IBM\db2cmv8\lib\cmbsdk81.jar version: 8.5.0.600
 Content Manager Jar File: C:\IBM\db2cmv8\lib\cmbutil81.jar version: 8.5.0.600
************************************************************

[EXC]: 10/19/2018 at 18:40:48.462 GMT @ Win2012JL (10.77.144.69); com.ibm.mm.sdk.common.DKUsageError # com.ibm.mm.sdk.logtool.DKLogManagerFactory_default
[USR]: Administrator (C:\Users\Administrator) @ C:\Users\Administrator\IBM\rationalsdp\workspace1\HSChangeOwnerWorklist
[THD]: main ( 72c072c )
[THG]: main = { Attach API wait loop, Signal Dispatcher, main }
[LOC]: com.ibm.mm.sdk.server.DKDatastoreICM:listDataSources
[MSG]: DGL7336A: Using the FileReader class, the Content Manager cmbicmsrvs.ini file was not found. The detail error message is: cmbicmsrvs.ini (The system cannot find the file specified.)
	at com.ibm.mm.sdk.server.DKDatastoreICM.listDataSources(DKDatastoreICM.java:8721)
	at com.ibm.mm.sdk.server.DKDatastoreICM.getServerDef(DKDatastoreICM.java:13773)
	at com.ibm.mm.sdk.server.DKDatastoreICM.connect(DKDatastoreICM.java:3008)
	at com.ibm.mm.sdk.common.DKDatastorePool._createNewConnection(DKDatastorePool.java:1096)
	at com.ibm.mm.sdk.common.DKDatastorePool.access$000(DKDatastorePool.java:253)
	at com.ibm.mm.sdk.common.DKDatastorePool$DatastorePooledObjectManager.create(DKDatastorePool.java:1235)
	at com.ibm.mm.sdk.internal.PSimplePool._createPooledObject(PSimplePool.java:849)
	at com.ibm.mm.sdk.internal.PSimplePool.reserve(PSimplePool.java:552)
	at com.ibm.mm.sdk.common.DKDatastorePool.initConnections(DKDatastorePool.java:852)
	at ICMConnectionPool.getConnection(ICMConnectionPool.java:35)
	at HSChangeOwnerWL.monitorMyWorkList(HSChangeOwnerWL.java:38)
	at HSChangeOwnerWL.HSChangeOwnerWL(HSChangeOwnerWL.java:27)
	at HSChangeOwnerWL.<init>(HSChangeOwnerWL.java:23)
	at HSChangeOwnerWL.main(HSChangeOwnerWL.java:212)



[EXC]: 10/19/2018 at 18:40:48.462 GMT @ Win2012JL (10.77.144.69); com.ibm.mm.sdk.common.DKUsageError # com.ibm.mm.sdk.logtool.DKLogManagerFactory_default
[USR]: Administrator (C:\Users\Administrator) @ C:\Users\Administrator\IBM\rationalsdp\workspace1\HSChangeOwnerWorklist
[THD]: main ( 72c072c )
[THG]: main = { Attach API wait loop, Signal Dispatcher, main }
[LOC]: com.ibm.mm.sdk.server.DKDatastoreICM:connect
[MSG]: DGL7332A: Library server representation type was not found. Please make sure that a valid library server and representation type has been specified in the cmbicmsrvs.ini file or to the Content Manager connector. : icmnlsdb
	at com.ibm.mm.sdk.server.DKDatastoreICM.connect(DKDatastoreICM.java:3455)
	at com.ibm.mm.sdk.common.DKDatastorePool._createNewConnection(DKDatastorePool.java:1096)
	at com.ibm.mm.sdk.common.DKDatastorePool.access$000(DKDatastorePool.java:253)
	at com.ibm.mm.sdk.common.DKDatastorePool$DatastorePooledObjectManager.create(DKDatastorePool.java:1235)
	at com.ibm.mm.sdk.internal.PSimplePool._createPooledObject(PSimplePool.java:849)
	at com.ibm.mm.sdk.internal.PSimplePool.reserve(PSimplePool.java:552)
	at com.ibm.mm.sdk.common.DKDatastorePool.initConnections(DKDatastorePool.java:852)
	at ICMConnectionPool.getConnection(ICMConnectionPool.java:35)
	at HSChangeOwnerWL.monitorMyWorkList(HSChangeOwnerWL.java:38)
	at HSChangeOwnerWL.HSChangeOwnerWL(HSChangeOwnerWL.java:27)
	at HSChangeOwnerWL.<init>(HSChangeOwnerWL.java:23)
	at HSChangeOwnerWL.main(HSChangeOwnerWL.java:212)



[ERR]: 10/19/2018 at 18:40:48.462 GMT @ Win2012JL (10.77.144.69);  # com.ibm.mm.sdk.server.DKDatastoreICM
[USR]: Administrator (C:\Users\Administrator) @ C:\Users\Administrator\IBM\rationalsdp\workspace1\HSChangeOwnerWorklist
[THD]: main ( 72c072c )
[THG]: main = { Attach API wait loop, Signal Dispatcher, main }
[LOC]: com.ibm.mm.sdk.server.DKDatastoreICM:connect
[MSG]: ?--?-    ERROR:  The connect() operation has failed.  Before exiting the DKDatastoreICM.connect() operation, state changes will be rolled back.  Error caught: "DGL7332A: Library server representation type was not found. Please make sure that a valid library server and representation type has been specified in the cmbicmsrvs.ini file or to the Content Manager connector. : icmnlsdb"


[ERR]: 10/19/2018 at 18:40:48.478 GMT @ Win2012JL (10.77.144.69);  # com.ibm.mm.sdk.server.DKDatastoreICM
[USR]: Administrator (C:\Users\Administrator) @ C:\Users\Administrator\IBM\rationalsdp\workspace1\HSChangeOwnerWorklist
[THD]: main ( 72c072c )
[THG]: main = { Attach API wait loop, Signal Dispatcher, main }
[LOC]: com.ibm.mm.sdk.server.DKDatastoreICM:connect
[MSG]: ?--?-com.ibm.mm.sdk.common.DKUsageError: DGL7332A: Library server representation type was not found. Please make sure that a valid library server and representation type has been specified in the cmbicmsrvs.ini file or to the Content Manager connector. : icmnlsdb
	at com.ibm.mm.sdk.server.DKDatastoreICM.connect(DKDatastoreICM.java:3455)
	at com.ibm.mm.sdk.common.DKDatastorePool._createNewConnection(DKDatastorePool.java:1096)
	at com.ibm.mm.sdk.common.DKDatastorePool.access$000(DKDatastorePool.java:253)
	at com.ibm.mm.sdk.common.DKDatastorePool$DatastorePooledObjectManager.create(DKDatastorePool.java:1235)
	at com.ibm.mm.sdk.internal.PSimplePool._createPooledObject(PSimplePool.java:849)
	at com.ibm.mm.sdk.internal.PSimplePool.reserve(PSimplePool.java:552)
	at com.ibm.mm.sdk.common.DKDatastorePool.initConnections(DKDatastorePool.java:852)
	at ICMConnectionPool.getConnection(ICMConnectionPool.java:35)
	at HSChangeOwnerWL.monitorMyWorkList(HSChangeOwnerWL.java:38)
	at HSChangeOwnerWL.HSChangeOwnerWL(HSChangeOwnerWL.java:27)
	at HSChangeOwnerWL.<init>(HSChangeOwnerWL.java:23)
	at HSChangeOwnerWL.main(HSChangeOwnerWL.java:212)



[ERR]: 10/19/2018 at 18:40:48.478 GMT @ Win2012JL (10.77.144.69);  # com.ibm.mm.sdk.common.DKDatastorePool
[USR]: Administrator (C:\Users\Administrator) @ C:\Users\Administrator\IBM\rationalsdp\workspace1\HSChangeOwnerWorklist
[THD]: main ( 72c072c )
[THG]: main = { Attach API wait loop, Signal Dispatcher, main }
[LOC]: com.ibm.mm.sdk.common.DKDatastorePool:returnConnection
[MSG]: DKDatastorePool::returnConnection: An attempt was made to return a datastore to the pool after the datastore has been disconnected.  This is not allowed  poolId: 2


[EXC]: 10/19/2018 at 18:40:48.478 GMT @ Win2012JL (10.77.144.69); com.ibm.mm.sdk.common.DKUsageError # com.ibm.mm.sdk.logtool.DKLogManagerFactory_default
[USR]: Administrator (C:\Users\Administrator) @ C:\Users\Administrator\IBM\rationalsdp\workspace1\HSChangeOwnerWorklist
[THD]: main ( 72c072c )
[THG]: main = { Attach API wait loop, Signal Dispatcher, main }
[LOC]: com.ibm.mm.sdk.internal.PSimplePool:throwUsageError
[MSG]: DGL0554A: Datastore does not belong to the connection pool  com.ibm.mm.sdk.internal.PSimplePool._removeFromUsedPool poolId: 2
	at com.ibm.mm.sdk.internal.PSimplePool.throwUsageError(PSimplePool.java:990)
	at com.ibm.mm.sdk.internal.PSimplePool._removeFromUsedPool(PSimplePool.java:815)
	at com.ibm.mm.sdk.internal.PSimplePool.remove(PSimplePool.java:467)
	at com.ibm.mm.sdk.common.DKDatastorePool.returnConnection(DKDatastorePool.java:809)
	at ICMConnectionPool.returnConnection(ICMConnectionPool.java:53)
	at HSChangeOwnerWL.monitorMyWorkList(HSChangeOwnerWL.java:203)
	at HSChangeOwnerWL.HSChangeOwnerWL(HSChangeOwnerWL.java:27)
	at HSChangeOwnerWL.<init>(HSChangeOwnerWL.java:23)
	at HSChangeOwnerWL.main(HSChangeOwnerWL.java:212)



[EXC]: 10/19/2018 at 18:40:48.478 GMT @ Win2012JL (10.77.144.69); com.ibm.mm.sdk.common.DKUsageError # com.ibm.mm.sdk.logtool.DKLogManagerFactory_default
[USR]: Administrator (C:\Users\Administrator) @ C:\Users\Administrator\IBM\rationalsdp\workspace1\HSChangeOwnerWorklist
[THD]: main ( 72c072c )
[THG]: main = { Attach API wait loop, Signal Dispatcher, main }
[LOC]: com.ibm.mm.sdk.common.DKDatastorePool:throwUsageError
[MSG]: DGL0391A: No connection to datastorecom.ibm.mm.sdk.common.DKDatastorePool.returnConnection
	at com.ibm.mm.sdk.common.DKDatastorePool.throwUsageError(DKDatastorePool.java:1183)
	at com.ibm.mm.sdk.common.DKDatastorePool.returnConnection(DKDatastorePool.java:812)
	at ICMConnectionPool.returnConnection(ICMConnectionPool.java:53)
	at HSChangeOwnerWL.monitorMyWorkList(HSChangeOwnerWL.java:203)
	at HSChangeOwnerWL.HSChangeOwnerWL(HSChangeOwnerWL.java:27)
	at HSChangeOwnerWL.<init>(HSChangeOwnerWL.java:23)
	at HSChangeOwnerWL.main(HSChangeOwnerWL.java:212)


